
synthesis -f "geoRAM_impl1_lattice.synproj"
synthesis:  version Diamond (64-bit) 3.12.1.454

Copyright (c) 1991-1994 by NeoCAD Inc. All rights reserved.
Copyright (c) 1995 AT&T Corp.   All rights reserved.
Copyright (c) 1995-2001 Lucent Technologies Inc.  All rights reserved.
Copyright (c) 2001 Agere Systems   All rights reserved.
Copyright (c) 2002-2020 Lattice Semiconductor Corporation,  All rights reserved.
Thu Apr 28 09:02:42 2022


Command Line:  synthesis -f geoRAM_impl1_lattice.synproj -gui 

    <postMsg mid="35002000" type="Info"    dynamic="0" navigation="0"  />
Synthesis options:
The -a option is MachXO2.
The -s option is 4.
The -t option is TQFP100.
The -d option is LCMXO2-640HC.
Using package TQFP100.
Using performance grade 4.
                                                          

##########################################################

### Lattice Family : MachXO2

### Device  : LCMXO2-640HC

### Package : TQFP100

### Speed   : 4

##########################################################

                                                          

    <postMsg mid="35001781" type="Info"    dynamic="0" navigation="0"  />
Optimization goal = Balanced
Top-level module name = geoRAM.
Target frequency = 200.000000 MHz.
Maximum fanout = 1000.
Timing path count = 3
BRAM utilization = 100.000000 %
DSP usage = true
DSP utilization = 100.000000 %
fsm_encoding_style = auto
resolve_mixed_drivers = 0
fix_gated_clocks = 1

Mux style = Auto
Use Carry Chain = true
carry_chain_length = 0
Loop Limit = 1950.
Use IO Insertion = TRUE
Use IO Reg = AUTO

Resource Sharing = TRUE
Propagate Constants = TRUE
Remove Duplicate Registers = TRUE
force_gsr = auto
ROM style = auto
RAM style = auto
The -comp option is FALSE.
The -syn option is FALSE.
-p //Mac/iCloud/Repos/GW4302/cpld-gr (searchpath added)
-p C:/lscc/diamond/3.12/ispfpga/xo2c00/data (searchpath added)
-p //Mac/iCloud/Repos/GW4302/cpld-gr/impl1 (searchpath added)
-p //Mac/iCloud/Repos/GW4302/cpld-gr (searchpath added)
Verilog design file = //Mac/iCloud/Repos/GW4302/cpld-gr/geoRAM.v
Verilog design file = //Mac/iCloud/Repos/GW4302/cpld-gr/RAM.v
Verilog design file = //Mac/iCloud/Repos/GW4302/cpld-gr/Reg.v
NGD file = geoRAM_impl1.ngd
-sdc option: SDC file input not used.
-lpf option: Output file option is ON.
Hardtimer checking is enabled (default). The -dt option is not used.
The -r option is OFF. [ Remove LOC Properties is OFF. ]
Technology check ok...

Analyzing Verilog file C:/lscc/diamond/3.12/ispfpga/userware/NT/SYNTHESIS_HEADERS/machxo2.v. VERI-1482
Compile design.
Compile Design Begin
Analyzing Verilog file //mac/icloud/repos/gw4302/cpld-gr/georam.v. VERI-1482
Analyzing Verilog file //mac/icloud/repos/gw4302/cpld-gr/ram.v. VERI-1482
Analyzing Verilog file //mac/icloud/repos/gw4302/cpld-gr/reg.v. VERI-1482
Analyzing Verilog file C:/lscc/diamond/3.12/ispfpga/userware/NT/SYNTHESIS_HEADERS/machxo2.v. VERI-1482
Top module name (Verilog): geoRAM
    <postMsg mid="35901018" type="Info"    dynamic="2" navigation="2" arg0="//mac/icloud/repos/gw4302/cpld-gr/georam.v(1): " arg1="geoRAM" arg2="//mac/icloud/repos/gw4302/cpld-gr/georam.v" arg3="1"  />
    <postMsg mid="35901018" type="Info"    dynamic="2" navigation="2" arg0="//mac/icloud/repos/gw4302/cpld-gr/reg.v(1): " arg1="GeoReg" arg2="//mac/icloud/repos/gw4302/cpld-gr/reg.v" arg3="1"  />
    <postMsg mid="35901018" type="Info"    dynamic="2" navigation="2" arg0="//mac/icloud/repos/gw4302/cpld-gr/ram.v(1): " arg1="RAM" arg2="//mac/icloud/repos/gw4302/cpld-gr/ram.v" arg3="1"  />
    <postMsg mid="35901018" type="Info"    dynamic="2" navigation="2" arg0="C:/lscc/diamond/3.12/ispfpga/userware/NT/SYNTHESIS_HEADERS/machxo2.v(1793): " arg1="OSCH(NOM_FREQ=&quot;26.60&quot;)" arg2="C:/lscc/diamond/3.12/ispfpga/userware/NT/SYNTHESIS_HEADERS/machxo2.v" arg3="1793"  />
    <postMsg mid="35901018" type="Info"    dynamic="2" navigation="2" arg0="C:/lscc/diamond/3.12/ispfpga/userware/NT/SYNTHESIS_HEADERS/machxo2.v(1601): " arg1="ODDRXE" arg2="C:/lscc/diamond/3.12/ispfpga/userware/NT/SYNTHESIS_HEADERS/machxo2.v" arg3="1601"  />
Last elaborated design is geoRAM()
Loading NGL library 'C:/lscc/diamond/3.12/ispfpga/xo2c00/data/xo2clib.ngl'...
Loading NGL library 'C:/lscc/diamond/3.12/ispfpga/mg5g00/data/mg5glib.ngl'...
Loading NGL library 'C:/lscc/diamond/3.12/ispfpga/or5g00/data/orc5glib.ngl'...
Loading device for application map from file 'xo2c640.nph' in environment: C:/lscc/diamond/3.12/ispfpga.
Package Status:                     Final          Version 1.39.
Top-level module name = geoRAM.
    <postMsg mid="35002005" type="Warning" dynamic="1" navigation="0" arg0="C8M"  />
    <postMsg mid="35002005" type="Warning" dynamic="1" navigation="0" arg0="BA"  />
######## Converting I/O port A[15] to input.
######## Converting I/O port A[14] to input.
######## Converting I/O port A[13] to input.
######## Converting I/O port A[12] to input.
######## Converting I/O port A[11] to input.
######## Converting I/O port A[10] to input.
######## Converting I/O port A[9] to input.
######## Converting I/O port A[8] to input.
######## Converting I/O port A[7] to input.
######## Converting I/O port A[6] to input.
######## Converting I/O port A[5] to input.
######## Converting I/O port A[4] to input.
######## Converting I/O port A[3] to input.
######## Converting I/O port A[2] to input.
######## Converting I/O port A[1] to input.
######## Converting I/O port A[0] to input.
    <postMsg mid="35001747" type="Warning" dynamic="2" navigation="0" arg0="12" arg1="\ram/RA"  />
    <postMsg mid="35001747" type="Warning" dynamic="2" navigation="0" arg0="11" arg1="\ram/RA"  />



    <postMsg mid="35002005" type="Warning" dynamic="1" navigation="0" arg0="C8M"  />
    <postMsg mid="35002005" type="Warning" dynamic="1" navigation="0" arg0="BA"  />
    <postMsg mid="35002005" type="Warning" dynamic="1" navigation="0" arg0="A[15]"  />
    <postMsg mid="35002005" type="Warning" dynamic="1" navigation="0" arg0="A[14]"  />
    <postMsg mid="35002005" type="Warning" dynamic="1" navigation="0" arg0="A[13]"  />
    <postMsg mid="35002005" type="Warning" dynamic="1" navigation="0" arg0="A[12]"  />
    <postMsg mid="35002005" type="Warning" dynamic="1" navigation="0" arg0="A[11]"  />
    <postMsg mid="35002005" type="Warning" dynamic="1" navigation="0" arg0="A[10]"  />
    <postMsg mid="35002005" type="Warning" dynamic="1" navigation="0" arg0="A[9]"  />
    <postMsg mid="35002005" type="Warning" dynamic="1" navigation="0" arg0="A[8]"  />
GSR will not be inferred because no asynchronous signal was found in the netlist.
Applying 200.000000 MHz constraint to all clocks

    <postMsg mid="35001611" type="Warning" dynamic="0" navigation="0"  />
Results of NGD DRC are available in geoRAM_drc.log.
Loading NGL library 'C:/lscc/diamond/3.12/ispfpga/xo2c00/data/xo2clib.ngl'...
Loading NGL library 'C:/lscc/diamond/3.12/ispfpga/mg5g00/data/mg5glib.ngl'...
Loading NGL library 'C:/lscc/diamond/3.12/ispfpga/or5g00/data/orc5glib.ngl'...


Running DRC...

    <postMsg mid="1166052" type="Warning" dynamic="2" navigation="1" arg0="logical" arg1="C8M" arg2="C8M"  />
    <postMsg mid="1166064" type="Warning" dynamic="2" navigation="0" arg0="input" arg1="C8M"  />
    <postMsg mid="1166052" type="Warning" dynamic="2" navigation="1" arg0="logical" arg1="BA" arg2="BA"  />
    <postMsg mid="1166064" type="Warning" dynamic="2" navigation="0" arg0="input" arg1="BA"  />
    <postMsg mid="1166052" type="Warning" dynamic="2" navigation="1" arg0="logical" arg1="A[15]" arg2="A[15]"  />
    <postMsg mid="1166064" type="Warning" dynamic="2" navigation="0" arg0="input" arg1="A[15]"  />
    <postMsg mid="1166052" type="Warning" dynamic="2" navigation="1" arg0="logical" arg1="A[14]" arg2="A[14]"  />
    <postMsg mid="1166064" type="Warning" dynamic="2" navigation="0" arg0="input" arg1="A[14]"  />
    <postMsg mid="1166052" type="Warning" dynamic="2" navigation="1" arg0="logical" arg1="A[13]" arg2="A[13]"  />
    <postMsg mid="1166064" type="Warning" dynamic="2" navigation="0" arg0="input" arg1="A[13]"  />
    <postMsg mid="1166052" type="Warning" dynamic="2" navigation="1" arg0="logical" arg1="A[12]" arg2="A[12]"  />
    <postMsg mid="1166064" type="Warning" dynamic="2" navigation="0" arg0="input" arg1="A[12]"  />
    <postMsg mid="1166052" type="Warning" dynamic="2" navigation="1" arg0="logical" arg1="A[11]" arg2="A[11]"  />
    <postMsg mid="1166064" type="Warning" dynamic="2" navigation="0" arg0="input" arg1="A[11]"  />
    <postMsg mid="1166052" type="Warning" dynamic="2" navigation="1" arg0="logical" arg1="A[10]" arg2="A[10]"  />
    <postMsg mid="1166064" type="Warning" dynamic="2" navigation="0" arg0="input" arg1="A[10]"  />
    <postMsg mid="1166052" type="Warning" dynamic="2" navigation="1" arg0="logical" arg1="A[9]" arg2="A[9]"  />
    <postMsg mid="1166064" type="Warning" dynamic="2" navigation="0" arg0="input" arg1="A[9]"  />
    <postMsg mid="1166052" type="Warning" dynamic="2" navigation="1" arg0="logical" arg1="A[8]" arg2="A[8]"  />
    <postMsg mid="1166064" type="Warning" dynamic="2" navigation="0" arg0="input" arg1="A[8]"  />
    <postMsg mid="1163101" type="Warning" dynamic="1" navigation="0" arg0="20"  />

Design Results:
    170 blocks expanded
completed the first expansion
All blocks are expanded and NGD expansion is successful.
Writing NGD file geoRAM_impl1.ngd.

################### Begin Area Report (geoRAM)######################
Number of register bits => 58 of 877 (6 % )
BB => 16
FD1P3AX => 24
FD1P3IX => 1
FD1S3AX => 16
FD1S3IX => 13
FD1S3JX => 4
GSR => 1
IB => 13
INV => 2
LUT4 => 43
OB => 31
ODDRXE => 1
OSCH => 1
PFUMX => 1
################### End Area Report ##################

################### Begin BlackBox Report ######################
TSALL => 1
################### End BlackBox Report ##################

################### Begin Clock Report ######################
Clock Nets
Number of Clocks: 2
  Net : ram/FCLK, loads : 35
  Net : PHI2_c, loads : 4
Clock Enable Nets
Number of Clock Enables: 6
Top 6 highest fanout Clock Enables:
  Net : georeg/PHI2_N_16_enable_8, loads : 8
  Net : ram/RDD_7__N_84, loads : 8
  Net : georeg/PHI2_N_16_enable_14, loads : 6
  Net : ram/PORDone_N_81, loads : 1
  Net : ram/FCLK_enable_1, loads : 1
  Net : ram/FCLK_enable_2, loads : 1
Highest fanout non-clock nets
Top 10 highest fanout non-clock nets:
  Net : ram/S_0, loads : 24
  Net : ram/S_1, loads : 17
  Net : ram/S_2, loads : 15
  Net : PHI2_N_16, loads : 14
  Net : ram/FCLK_N_56, loads : 10
  Net : DOE, loads : 9
  Net : ram/n307, loads : 9
  Net : nIO1_c, loads : 8
  Net : georeg/PHI2_N_16_enable_8, loads : 8
  Net : ram/RDD_7__N_84, loads : 8
################### End Clock Report ##################

Timing Report Summary
--------------
--------------------------------------------------------------------------------
Constraint                              |   Constraint|       Actual|Levels
--------------------------------------------------------------------------------
                                        |             |             |
create_clock -period 5.000000 -name     |             |             |
clk1 [get_nets PHI2_c]                  |  200.000 MHz|   93.686 MHz|     3 *
                                        |             |             |
create_clock -period 5.000000 -name     |             |             |
clk0 [get_nets \ram/FCLK]               |  200.000 MHz|   82.075 MHz|     3 *
                                        |             |             |
--------------------------------------------------------------------------------


2 constraints not met.


Peak Memory Usage: 60.828  MB

--------------------------------------------------------------
Elapsed CPU time for LSE flow : 0.547  secs
--------------------------------------------------------------

map -a "MachXO2" -p LCMXO2-640HC -t TQFP100 -s 4 -oc Commercial   "geoRAM_impl1.ngd" -o "geoRAM_impl1_map.ncd" -pr "geoRAM_impl1.prf" -mp "geoRAM_impl1.mrp" -lpf "//Mac/iCloud/Repos/GW4302/cpld-gr/impl1/geoRAM_impl1.lpf" -lpf "//Mac/iCloud/Repos/GW4302/cpld-gr/geoRAM.lpf"  -c 0           
map:  version Diamond (64-bit) 3.12.1.454

Copyright (c) 1991-1994 by NeoCAD Inc. All rights reserved.
Copyright (c) 1995 AT&T Corp.   All rights reserved.
Copyright (c) 1995-2001 Lucent Technologies Inc.  All rights reserved.
Copyright (c) 2001 Agere Systems   All rights reserved.
Copyright (c) 2002-2020 Lattice Semiconductor Corporation,  All rights reserved.
   Process the file: geoRAM_impl1.ngd
   Picdevice="LCMXO2-640HC"

   Pictype="TQFP100"

   Picspeed=4

   Remove unused logic

   Do not produce over sized NCDs.

Part used: LCMXO2-640HCTQFP100, Performance used: 4.

Loading device for application baspr from file 'xo2c640.nph' in environment: C:/lscc/diamond/3.12/ispfpga.
Package Status:                     Final          Version 1.39.

Running general design DRC...

    <postMsg mid="1166064" type="Warning" dynamic="2" navigation="0" arg0="input" arg1="C8M"  />
    <postMsg mid="1166064" type="Warning" dynamic="2" navigation="0" arg0="input" arg1="BA"  />
    <postMsg mid="1166064" type="Warning" dynamic="2" navigation="0" arg0="input" arg1="A[15]"  />
    <postMsg mid="1166064" type="Warning" dynamic="2" navigation="0" arg0="input" arg1="A[14]"  />
    <postMsg mid="1166064" type="Warning" dynamic="2" navigation="0" arg0="input" arg1="A[13]"  />
    <postMsg mid="1166064" type="Warning" dynamic="2" navigation="0" arg0="input" arg1="A[12]"  />
    <postMsg mid="1166064" type="Warning" dynamic="2" navigation="0" arg0="input" arg1="A[11]"  />
    <postMsg mid="1166064" type="Warning" dynamic="2" navigation="0" arg0="input" arg1="A[10]"  />
    <postMsg mid="1166064" type="Warning" dynamic="2" navigation="0" arg0="input" arg1="A[9]"  />
    <postMsg mid="1166064" type="Warning" dynamic="2" navigation="0" arg0="input" arg1="A[8]"  />
Removing unused logic...

Optimizing...

    <postMsg mid="51001046" type="Warning" dynamic="1" navigation="0" arg0="C8M"  />
    <postMsg mid="51001046" type="Warning" dynamic="1" navigation="0" arg0="BA"  />
    <postMsg mid="51001046" type="Warning" dynamic="1" navigation="0" arg0="A[15:0](15)"  />
    <postMsg mid="51001046" type="Warning" dynamic="1" navigation="0" arg0="A[15:0](14)"  />
    <postMsg mid="51001046" type="Warning" dynamic="1" navigation="0" arg0="A[15:0](13)"  />
    <postMsg mid="51001046" type="Warning" dynamic="1" navigation="0" arg0="A[15:0](12)"  />
    <postMsg mid="51001046" type="Warning" dynamic="1" navigation="0" arg0="A[15:0](11)"  />
    <postMsg mid="51001046" type="Warning" dynamic="1" navigation="0" arg0="A[15:0](10)"  />
    <postMsg mid="51001046" type="Warning" dynamic="1" navigation="0" arg0="A[15:0](9)"  />
    <postMsg mid="51001046" type="Warning" dynamic="1" navigation="0" arg0="A[15:0](8)"  />



Design Summary:
   Number of registers:     58 out of   877 (7%)
      PFU registers:           58 out of   640 (9%)
      PIO registers:            0 out of   237 (0%)
   Number of SLICEs:        34 out of   320 (11%)
      SLICEs as Logic/ROM:     34 out of   320 (11%)
      SLICEs as RAM:            0 out of   240 (0%)
      SLICEs as Carry:          0 out of   320 (0%)
   Number of LUT4s:         42 out of   640 (7%)
      Number used as logic LUTs:         42
      Number used as distributed RAM:     0
      Number used as ripple logic:        0
      Number used as shift registers:     0
   Number of PIO sites used: 60 + 4(JTAG) out of 79 (81%)
   Number of IDDR/ODDR/TDDR cells used: 1 out of 237 (0%)
      Number of IDDR cells:   0
      Number of ODDR cells:   1
      Number of TDDR cells:   0
   Number of PIO using at least one IDDR/ODDR/TDDR: 1 (0 differential)
      Number of PIO using IDDR only:        0 (0 differential)
      Number of PIO using ODDR only:        1 (0 differential)
      Number of PIO using TDDR only:        0 (0 differential)
      Number of PIO using IDDR/ODDR:        0 (0 differential)
      Number of PIO using IDDR/TDDR:        0 (0 differential)
      Number of PIO using ODDR/TDDR:        0 (0 differential)
      Number of PIO using IDDR/ODDR/TDDR:   0 (0 differential)
   Number of block RAMs:  0 out of 2 (0%)
   Number of GSRs:        0 out of 1 (0%)
   EFB used :        No
   JTAG used :       No
   Readback used :   No
   Oscillator used : Yes
   Startup used :    No
   POR :             On
   Bandgap :         On
   Number of Power Controller:  0 out of 1 (0%)
   Number of Dynamic Bank Controller (BCINRD):  0 out of 4 (0%)
   Number of DCCA:  0 out of 8 (0%)
   Number of DCMA:  0 out of 2 (0%)
   Notes:-
      1. Total number of LUT4s = (Number of logic LUT4s) + 2*(Number of distributed RAMs) + 2*(Number of ripple logic)
      2. Number of logic LUT4s does not include count of distributed RAM and ripple logic.
   Number of clocks:  2
     Net PHI2_c: 8 loads, 1 rising, 7 falling (Driver: PIO PHI2 )
     Net ram/FCLK: 27 loads, 22 rising, 5 falling (Driver: ram/fclk_OSCH )
   Number of Clock Enables:  6
     Net georeg/PHI2_N_16_enable_8: 4 loads, 4 LSLICEs
     Net georeg/PHI2_N_16_enable_14: 3 loads, 3 LSLICEs
     Net ram/S_0: 1 loads, 1 LSLICEs
     Net ram/PORDone_N_81: 1 loads, 1 LSLICEs
     Net ram/RDD_7__N_84: 4 loads, 4 LSLICEs
     Net ram/FCLK_enable_1: 1 loads, 1 LSLICEs
   Number of LSRs:  7
     Net ram/S_1: 1 loads, 1 LSLICEs
     Net ram/n435: 1 loads, 1 LSLICEs
     Net ram/n307: 6 loads, 6 LSLICEs
     Net ram/n430: 1 loads, 1 LSLICEs
     Net ram/n304: 1 loads, 1 LSLICEs
     Net ram/PORDone: 1 loads, 1 LSLICEs
     Net ram/n228: 1 loads, 1 LSLICEs
   Number of nets driven by tri-state buffers:  0
   Top 10 highest fanout non-clock nets:
     Net ram/S_0: 24 loads
     Net ram/S_1: 17 loads
     Net ram/S_2: 15 loads
     Net DOE: 9 loads
     Net nIO1_c: 8 loads
     Net ram/RDOE: 8 loads
     Net ram/n307: 6 loads
     Net VCC_net: 6 loads
     Net nWE_c: 5 loads
     Net A_c_0: 4 loads
 

   Number of warnings:  20
   Number of errors:    0



Total CPU Time: 0 secs  
Total REAL Time: 0 secs  
Peak Memory Usage: 43 MB

Dumping design to file geoRAM_impl1_map.ncd.

ncd2vdb "geoRAM_impl1_map.ncd" ".vdbs/geoRAM_impl1_map.vdb"

Loading device for application ncd2vdb from file 'xo2c640.nph' in environment: C:/lscc/diamond/3.12/ispfpga.

trce -f "geoRAM_impl1.mt" -o "geoRAM_impl1.tw1" "geoRAM_impl1_map.ncd" "geoRAM_impl1.prf"
trce:  version Diamond (64-bit) 3.12.1.454

Copyright (c) 1991-1994 by NeoCAD Inc. All rights reserved.
Copyright (c) 1995 AT&T Corp.   All rights reserved.
Copyright (c) 1995-2001 Lucent Technologies Inc.  All rights reserved.
Copyright (c) 2001 Agere Systems   All rights reserved.
Copyright (c) 2002-2020 Lattice Semiconductor Corporation,  All rights reserved.

Loading design for application trce from file georam_impl1_map.ncd.
Design name: geoRAM
NCD version: 3.3
Vendor:      LATTICE
Device:      LCMXO2-640HC
Package:     TQFP100
Performance: 4
Loading device for application trce from file 'xo2c640.nph' in environment: C:/lscc/diamond/3.12/ispfpga.
Package Status:                     Final          Version 1.39.
Performance Hardware Data Status:   Final          Version 34.4.
Setup and Hold Report

--------------------------------------------------------------------------------
Lattice TRACE Report - Setup, Version Diamond (64-bit) 3.12.1.454
Thu Apr 28 09:02:45 2022

Copyright (c) 1991-1994 by NeoCAD Inc. All rights reserved.
Copyright (c) 1995 AT&T Corp.   All rights reserved.
Copyright (c) 1995-2001 Lucent Technologies Inc.  All rights reserved.
Copyright (c) 2001 Agere Systems   All rights reserved.
Copyright (c) 2002-2020 Lattice Semiconductor Corporation,  All rights reserved.

Report Information
------------------
Command line:    trce -v 1 -gt -mapchkpnt 0 -sethld -o geoRAM_impl1.tw1 -gui geoRAM_impl1_map.ncd geoRAM_impl1.prf 
Design file:     georam_impl1_map.ncd
Preference file: georam_impl1.prf
Device,speed:    LCMXO2-640HC,4
Report level:    verbose report, limited to 1 item per preference
--------------------------------------------------------------------------------

BLOCK ASYNCPATHS
BLOCK RESETPATHS
--------------------------------------------------------------------------------


Derating parameters
-------------------
Voltage:    3.150 V

VCCIO Voltage:
                   3.300 V (Bank 0, defined by PAR)
                   3.300 V (Bank 1, defined by PAR)
                   3.300 V (Bank 2, defined by PAR)
                   3.300 V (Bank 3, defined by PAR)
                   2.500 V (Bank 4)
                   2.500 V (Bank 5)
                   2.500 V (Bank 6)
                   2.500 V (Bank 7)



Timing summary (Setup):
---------------

Timing errors: 0  Score: 0
Cumulative negative slack: 0

Constraints cover 95 paths, 1 nets, and 189 connections (64.07% coverage)

--------------------------------------------------------------------------------
Lattice TRACE Report - Hold, Version Diamond (64-bit) 3.12.1.454
Thu Apr 28 09:02:45 2022

Copyright (c) 1991-1994 by NeoCAD Inc. All rights reserved.
Copyright (c) 1995 AT&T Corp.   All rights reserved.
Copyright (c) 1995-2001 Lucent Technologies Inc.  All rights reserved.
Copyright (c) 2001 Agere Systems   All rights reserved.
Copyright (c) 2002-2020 Lattice Semiconductor Corporation,  All rights reserved.

Report Information
------------------
Command line:    trce -v 1 -gt -mapchkpnt 0 -sethld -o geoRAM_impl1.tw1 -gui geoRAM_impl1_map.ncd geoRAM_impl1.prf 
Design file:     georam_impl1_map.ncd
Preference file: georam_impl1.prf
Device,speed:    LCMXO2-640HC,M
Report level:    verbose report, limited to 1 item per preference
--------------------------------------------------------------------------------

BLOCK ASYNCPATHS
BLOCK RESETPATHS
--------------------------------------------------------------------------------


Derating parameters
-------------------
Voltage:    3.150 V

VCCIO Voltage:
                   3.300 V (Bank 0, defined by PAR)
                   3.300 V (Bank 1, defined by PAR)
                   3.300 V (Bank 2, defined by PAR)
                   3.300 V (Bank 3, defined by PAR)
                   2.500 V (Bank 4)
                   2.500 V (Bank 5)
                   2.500 V (Bank 6)
                   2.500 V (Bank 7)



Timing summary (Hold):
---------------

Timing errors: 0  Score: 0
Cumulative negative slack: 0

Constraints cover 95 paths, 1 nets, and 189 connections (64.07% coverage)



Timing summary (Setup and Hold):
---------------

Timing errors: 0 (setup), 0 (hold)
Score: 0 (setup), 0 (hold)
Cumulative negative slack: 0 (0+0)
--------------------------------------------------------------------------------

--------------------------------------------------------------------------------

Total CPU Time: 0 secs 
Total REAL Time: 0 secs 
Peak Memory Usage: 46 MB


mpartrce -p "geoRAM_impl1.p2t" -f "geoRAM_impl1.p3t" -tf "geoRAM_impl1.pt" "geoRAM_impl1_map.ncd" "geoRAM_impl1.ncd"

---- MParTrce Tool ----
Removing old design directory at request of -rem command line option to this program.
Running par. Please wait . . .

Lattice Place and Route Report for Design "geoRAM_impl1_map.ncd"
Thu Apr 28 09:02:45 2022

PAR: Place And Route Diamond (64-bit) 3.12.1.454.
Command Line: par -w -l 5 -i 6 -t 1 -c 0 -e 0 -gui -exp parUseNBR=1:parCDP=0:parCDR=0:parPathBased=OFF:parASE=1 geoRAM_impl1_map.ncd geoRAM_impl1.dir/5_1.ncd geoRAM_impl1.prf
Preference file: geoRAM_impl1.prf.
Placement level-cost: 5-1.
Routing Iterations: 6

Loading design for application par from file geoRAM_impl1_map.ncd.
Design name: geoRAM
NCD version: 3.3
Vendor:      LATTICE
Device:      LCMXO2-640HC
Package:     TQFP100
Performance: 4
Loading device for application par from file 'xo2c640.nph' in environment: C:/lscc/diamond/3.12/ispfpga.
Package Status:                     Final          Version 1.39.
Performance Hardware Data Status:   Final          Version 34.4.
License checked out.


Ignore Preference Error(s):  True
Device utilization summary:

   PIO (prelim)   60+4(JTAG)/80      80% used
                  60+4(JTAG)/79      81% bonded
   IOLOGIC            1/80            1% used

   SLICE             34/320          10% used

   OSC                1/1           100% used


Number of Signals: 130
Number of Connections: 295

Pin Constraint Summary:
   60 out of 60 pins locked (100% locked).

The following 2 signals are selected to use the primary clock routing resources:
    PHI2_c (driver: PHI2, clk load #: 8)
    ram/FCLK (driver: ram/fclk_OSCH, clk load #: 27)


No signal is selected as secondary clock.

No signal is selected as Global Set/Reset.
Starting Placer Phase 0.

Finished Placer Phase 0.  REAL time: 0 secs 

Starting Placer Phase 1.
....................
Placer score = 35315.
Finished Placer Phase 1.  REAL time: 4 secs 

Starting Placer Phase 2.
.
Placer score =  35315
Finished Placer Phase 2.  REAL time: 4 secs 


------------------ Clock Report ------------------

Global Clock Resources:
  CLK_PIN    : 1 out of 8 (12%)
  DCM        : 0 out of 2 (0%)
  DCC        : 0 out of 8 (0%)

Global Clocks:
  PRIMARY "PHI2_c" from comp "PHI2" on CLK_PIN site "38 (PB10C)", clk load = 8
  PRIMARY "ram/FCLK" from OSC on comp "ram/fclk_OSCH" on site "OSC", clk load = 27

  PRIMARY  : 2 out of 8 (25%)
  SECONDARY: 0 out of 8 (0%)

--------------- End of Clock Report ---------------


I/O Usage Summary (final):
   60 + 4(JTAG) out of 80 (80.0%) PIO sites used.
   60 + 4(JTAG) out of 79 (81.0%) bonded PIO sites used.
   Number of PIO comps: 60; differential: 0.
   Number of Vref pins used: 0.

I/O Bank Usage Summary:
+----------+----------------+------------+-----------+
| I/O Bank | Usage          | Bank Vccio | Bank Vref |
+----------+----------------+------------+-----------+
| 0        | 12 / 19 ( 63%) | 3.3V       | -         |
| 1        | 20 / 20 (100%) | 3.3V       | -         |
| 2        | 10 / 20 ( 50%) | 3.3V       | -         |
| 3        | 18 / 20 ( 90%) | 3.3V       | -         |
+----------+----------------+------------+-----------+

Total placer CPU time: 3 secs 

Dumping design to file geoRAM_impl1.dir/5_1.ncd.

0 connections routed; 295 unrouted.
Starting router resource preassignment

Completed router resource preassignment. Real time: 7 secs 

Start NBR router at 09:02:52 04/28/22

*****************************************************************
Info: NBR allows conflicts(one node used by more than one signal)
      in the earlier iterations. In each iteration, it tries to  
      solve the conflicts while keeping the critical connections 
      routed as short as possible. The routing process is said to
      be completed when no conflicts exist and all connections   
      are routed.                                                
Note: NBR uses a different method to calculate timing slacks. The
      worst slack and total negative slack may not be the same as
      that in TRCE report. You should always run TRCE to verify  
      your design.                                               
*****************************************************************

Start NBR special constraint process at 09:02:52 04/28/22

Start NBR section for initial routing at 09:02:52 04/28/22
Level 4, iteration 1
5(0.01%) conflicts; 0(0.00%) untouched conn; 0 (nbr) score; 
Estimated worst slack/total negative slack<setup>: 28.730ns/0.000ns; real time: 7 secs 

Info: Initial congestion level at 75% usage is 0
Info: Initial congestion area  at 75% usage is 0 (0.00%)

Start NBR section for normal routing at 09:02:52 04/28/22
Level 4, iteration 1
2(0.00%) conflicts; 0(0.00%) untouched conn; 0 (nbr) score; 
Estimated worst slack/total negative slack<setup>: 28.730ns/0.000ns; real time: 7 secs 
Level 4, iteration 2
1(0.00%) conflict; 0(0.00%) untouched conn; 0 (nbr) score; 
Estimated worst slack/total negative slack<setup>: 28.730ns/0.000ns; real time: 7 secs 
Level 4, iteration 3
0(0.00%) conflict; 0(0.00%) untouched conn; 0 (nbr) score; 
Estimated worst slack/total negative slack<setup>: 28.730ns/0.000ns; real time: 7 secs 

Start NBR section for setup/hold timing optimization with effort level 3 at 09:02:52 04/28/22

Start NBR section for re-routing at 09:02:52 04/28/22
Level 4, iteration 1
0(0.00%) conflict; 0(0.00%) untouched conn; 0 (nbr) score; 
Estimated worst slack/total negative slack<setup>: 28.730ns/0.000ns; real time: 7 secs 

Start NBR section for post-routing at 09:02:52 04/28/22

End NBR router with 0 unrouted connection

NBR Summary
-----------
  Number of unrouted connections : 0 (0.00%)
  Number of connections with timing violations : 0 (0.00%)
  Estimated worst slack<setup> : 28.730ns
  Timing score<setup> : 0
-----------
Notes: The timing info is calculated for SETUP only and all PAR_ADJs are ignored.



Total CPU time 6 secs 
Total REAL time: 7 secs 
Completely routed.
End of route.  295 routed (100.00%); 0 unrouted.

Hold time timing score: 0, hold timing errors: 0

Timing score: 0 

Dumping design to file geoRAM_impl1.dir/5_1.ncd.


PAR_SUMMARY::Run status = Completed
PAR_SUMMARY::Number of unrouted conns = 0
PAR_SUMMARY::Worst  slack<setup/<ns>> = 28.730
PAR_SUMMARY::Timing score<setup/<ns>> = 0.000
PAR_SUMMARY::Worst  slack<hold /<ns>> = 0.309
PAR_SUMMARY::Timing score<hold /<ns>> = 0.000
PAR_SUMMARY::Number of errors = 0

Total CPU  time to completion: 7 secs 
Total REAL time to completion: 7 secs 

par done!

Note: user must run 'Trace' for timing closure signoff.

Copyright (c) 1991-1994 by NeoCAD Inc. All rights reserved.
Copyright (c) 1995 AT&T Corp.   All rights reserved.
Copyright (c) 1995-2001 Lucent Technologies Inc.  All rights reserved.
Copyright (c) 2001 Agere Systems   All rights reserved.
Copyright (c) 2002-2020 Lattice Semiconductor Corporation,  All rights reserved.
Exiting par with exit code 0
Exiting mpartrce with exit code 0

trce -f "geoRAM_impl1.pt" -o "geoRAM_impl1.twr" "geoRAM_impl1.ncd" "geoRAM_impl1.prf"
trce:  version Diamond (64-bit) 3.12.1.454

Copyright (c) 1991-1994 by NeoCAD Inc. All rights reserved.
Copyright (c) 1995 AT&T Corp.   All rights reserved.
Copyright (c) 1995-2001 Lucent Technologies Inc.  All rights reserved.
Copyright (c) 2001 Agere Systems   All rights reserved.
Copyright (c) 2002-2020 Lattice Semiconductor Corporation,  All rights reserved.

Loading design for application trce from file georam_impl1.ncd.
Design name: geoRAM
NCD version: 3.3
Vendor:      LATTICE
Device:      LCMXO2-640HC
Package:     TQFP100
Performance: 4
Loading device for application trce from file 'xo2c640.nph' in environment: C:/lscc/diamond/3.12/ispfpga.
Package Status:                     Final          Version 1.39.
Performance Hardware Data Status:   Final          Version 34.4.
Setup and Hold Report

--------------------------------------------------------------------------------
Lattice TRACE Report - Setup, Version Diamond (64-bit) 3.12.1.454
Thu Apr 28 09:02:53 2022

Copyright (c) 1991-1994 by NeoCAD Inc. All rights reserved.
Copyright (c) 1995 AT&T Corp.   All rights reserved.
Copyright (c) 1995-2001 Lucent Technologies Inc.  All rights reserved.
Copyright (c) 2001 Agere Systems   All rights reserved.
Copyright (c) 2002-2020 Lattice Semiconductor Corporation,  All rights reserved.

Report Information
------------------
Command line:    trce -v 10 -gt -sethld -sp 4 -sphld m -o geoRAM_impl1.twr -gui geoRAM_impl1.ncd geoRAM_impl1.prf 
Design file:     georam_impl1.ncd
Preference file: georam_impl1.prf
Device,speed:    LCMXO2-640HC,4
Report level:    verbose report, limited to 10 items per preference
--------------------------------------------------------------------------------

BLOCK ASYNCPATHS
BLOCK RESETPATHS
--------------------------------------------------------------------------------


Derating parameters
-------------------
Voltage:    3.150 V

VCCIO Voltage:
                   3.300 V (Bank 0, defined by PAR)
                   3.300 V (Bank 1, defined by PAR)
                   3.300 V (Bank 2, defined by PAR)
                   3.300 V (Bank 3, defined by PAR)
                   2.500 V (Bank 4)
                   2.500 V (Bank 5)
                   2.500 V (Bank 6)
                   2.500 V (Bank 7)



Timing summary (Setup):
---------------

Timing errors: 0  Score: 0
Cumulative negative slack: 0

Constraints cover 95 paths, 1 nets, and 189 connections (64.07% coverage)

--------------------------------------------------------------------------------
Lattice TRACE Report - Hold, Version Diamond (64-bit) 3.12.1.454
Thu Apr 28 09:02:53 2022

Copyright (c) 1991-1994 by NeoCAD Inc. All rights reserved.
Copyright (c) 1995 AT&T Corp.   All rights reserved.
Copyright (c) 1995-2001 Lucent Technologies Inc.  All rights reserved.
Copyright (c) 2001 Agere Systems   All rights reserved.
Copyright (c) 2002-2020 Lattice Semiconductor Corporation,  All rights reserved.

Report Information
------------------
Command line:    trce -v 10 -gt -sethld -sp 4 -sphld m -o geoRAM_impl1.twr -gui geoRAM_impl1.ncd geoRAM_impl1.prf 
Design file:     georam_impl1.ncd
Preference file: georam_impl1.prf
Device,speed:    LCMXO2-640HC,m
Report level:    verbose report, limited to 10 items per preference
--------------------------------------------------------------------------------

BLOCK ASYNCPATHS
BLOCK RESETPATHS
--------------------------------------------------------------------------------


Derating parameters
-------------------
Voltage:    3.150 V

VCCIO Voltage:
                   3.300 V (Bank 0, defined by PAR)
                   3.300 V (Bank 1, defined by PAR)
                   3.300 V (Bank 2, defined by PAR)
                   3.300 V (Bank 3, defined by PAR)
                   2.500 V (Bank 4)
                   2.500 V (Bank 5)
                   2.500 V (Bank 6)
                   2.500 V (Bank 7)



Timing summary (Hold):
---------------

Timing errors: 0  Score: 0
Cumulative negative slack: 0

Constraints cover 95 paths, 1 nets, and 189 connections (64.07% coverage)



Timing summary (Setup and Hold):
---------------

Timing errors: 0 (setup), 0 (hold)
Score: 0 (setup), 0 (hold)
Cumulative negative slack: 0 (0+0)
--------------------------------------------------------------------------------

--------------------------------------------------------------------------------

Total CPU Time: 0 secs 
Total REAL Time: 0 secs 
Peak Memory Usage: 46 MB


tmcheck -par "geoRAM_impl1.par" 

bitgen -f "geoRAM_impl1.t2b" -w "geoRAM_impl1.ncd"  "geoRAM_impl1.prf"


BITGEN: Bitstream Generator Diamond (64-bit) 3.12.1.454
Copyright (c) 1991-1994 by NeoCAD Inc. All rights reserved.
Copyright (c) 1995 AT&T Corp.   All rights reserved.
Copyright (c) 1995-2001 Lucent Technologies Inc.  All rights reserved.
Copyright (c) 2001 Agere Systems   All rights reserved.
Copyright (c) 2002-2020 Lattice Semiconductor Corporation,  All rights reserved.


Loading design for application Bitgen from file geoRAM_impl1.ncd.
Design name: geoRAM
NCD version: 3.3
Vendor:      LATTICE
Device:      LCMXO2-640HC
Package:     TQFP100
Performance: 4
Loading device for application Bitgen from file 'xo2c640.nph' in environment: C:/lscc/diamond/3.12/ispfpga.
Package Status:                     Final          Version 1.39.
Performance Hardware Data Status:   Final          Version 34.4.

Running DRC.
DRC detected 0 errors and 0 warnings.
Reading Preference File from geoRAM_impl1.prf.

Preference Summary:
+---------------------------------+---------------------------------+
|  Preference                     |  Current Setting                |
+---------------------------------+---------------------------------+
|                         RamCfg  |                        Reset**  |
+---------------------------------+---------------------------------+
|                     MCCLK_FREQ  |                         2.08**  |
+---------------------------------+---------------------------------+
|                  CONFIG_SECURE  |                          OFF**  |
+---------------------------------+---------------------------------+
|                          INBUF  |                           ON**  |
+---------------------------------+---------------------------------+
|                      JTAG_PORT  |                       ENABLE**  |
+---------------------------------+---------------------------------+
|                       SDM_PORT  |                      DISABLE**  |
+---------------------------------+---------------------------------+
|                 SLAVE_SPI_PORT  |                      DISABLE**  |
+---------------------------------+---------------------------------+
|                MASTER_SPI_PORT  |                      DISABLE**  |
+---------------------------------+---------------------------------+
|                       I2C_PORT  |                      DISABLE**  |
+---------------------------------+---------------------------------+
|        MUX_CONFIGURATION_PORTS  |                      DISABLE**  |
+---------------------------------+---------------------------------+
|                  CONFIGURATION  |                          CFG**  |
+---------------------------------+---------------------------------+
|                COMPRESS_CONFIG  |                           ON**  |
+---------------------------------+---------------------------------+
|                        MY_ASSP  |                          OFF**  |
+---------------------------------+---------------------------------+
|               ONE_TIME_PROGRAM  |                          OFF**  |
+---------------------------------+---------------------------------+
|                 ENABLE_TRANSFR  |                      DISABLE**  |
+---------------------------------+---------------------------------+
|                  SHAREDEBRINIT  |                      DISABLE**  |
+---------------------------------+---------------------------------+
|            BACKGROUND_RECONFIG  |                          OFF**  |
+---------------------------------+---------------------------------+
 *  Default setting.
 ** The specified setting matches the default setting.


Creating bit map...
 
Bitstream Status: Final           Version 1.95.
 
Saving bit stream in "geoRAM_impl1.bit".
Total CPU Time: 2 secs 
Total REAL Time: 3 secs 
Peak Memory Usage: 252 MB

tmcheck -par "geoRAM_impl1.par" 

bitgen -f "geoRAM_impl1.t2b" -w "geoRAM_impl1.ncd"  -jedec "geoRAM_impl1.prf"


BITGEN: Bitstream Generator Diamond (64-bit) 3.12.1.454
Copyright (c) 1991-1994 by NeoCAD Inc. All rights reserved.
Copyright (c) 1995 AT&T Corp.   All rights reserved.
Copyright (c) 1995-2001 Lucent Technologies Inc.  All rights reserved.
Copyright (c) 2001 Agere Systems   All rights reserved.
Copyright (c) 2002-2020 Lattice Semiconductor Corporation,  All rights reserved.


Loading design for application Bitgen from file geoRAM_impl1.ncd.
Design name: geoRAM
NCD version: 3.3
Vendor:      LATTICE
Device:      LCMXO2-640HC
Package:     TQFP100
Performance: 4
Loading device for application Bitgen from file 'xo2c640.nph' in environment: C:/lscc/diamond/3.12/ispfpga.
Package Status:                     Final          Version 1.39.
Performance Hardware Data Status:   Final          Version 34.4.

Running DRC.
DRC detected 0 errors and 0 warnings.
Reading Preference File from geoRAM_impl1.prf.

Preference Summary:
+---------------------------------+---------------------------------+
|  Preference                     |  Current Setting                |
+---------------------------------+---------------------------------+
|                         RamCfg  |                        Reset**  |
+---------------------------------+---------------------------------+
|                     MCCLK_FREQ  |                         2.08**  |
+---------------------------------+---------------------------------+
|                  CONFIG_SECURE  |                          OFF**  |
+---------------------------------+---------------------------------+
|                          INBUF  |                           ON**  |
+---------------------------------+---------------------------------+
|                      JTAG_PORT  |                       ENABLE**  |
+---------------------------------+---------------------------------+
|                       SDM_PORT  |                      DISABLE**  |
+---------------------------------+---------------------------------+
|                 SLAVE_SPI_PORT  |                      DISABLE**  |
+---------------------------------+---------------------------------+
|                MASTER_SPI_PORT  |                      DISABLE**  |
+---------------------------------+---------------------------------+
|                       I2C_PORT  |                      DISABLE**  |
+---------------------------------+---------------------------------+
|        MUX_CONFIGURATION_PORTS  |                      DISABLE**  |
+---------------------------------+---------------------------------+
|                  CONFIGURATION  |                          CFG**  |
+---------------------------------+---------------------------------+
|                COMPRESS_CONFIG  |                           ON**  |
+---------------------------------+---------------------------------+
|                        MY_ASSP  |                          OFF**  |
+---------------------------------+---------------------------------+
|               ONE_TIME_PROGRAM  |                          OFF**  |
+---------------------------------+---------------------------------+
|                 ENABLE_TRANSFR  |                      DISABLE**  |
+---------------------------------+---------------------------------+
|                  SHAREDEBRINIT  |                      DISABLE**  |
+---------------------------------+---------------------------------+
|            BACKGROUND_RECONFIG  |                          OFF**  |
+---------------------------------+---------------------------------+
 *  Default setting.
 ** The specified setting matches the default setting.


Creating bit map...
 
Bitstream Status: Final           Version 1.95.
 
Saving bit stream in "geoRAM_impl1.jed".
 
===========
UFM Summary.
===========
UFM Size:        191 Pages (128*191 Bits).
UFM Utilization: General Purpose Flash Memory.
 
Available General Purpose Flash Memory:  191 Pages (Page 0 to Page 190).
Initialized UFM Pages:                     0 Page.
 
Total CPU Time: 2 secs 
Total REAL Time: 3 secs 
Peak Memory Usage: 252 MB
