
synthesis -f "REU_impl1_lattice.synproj"
synthesis:  version Diamond (64-bit) 3.12.0.240.2

Copyright (c) 1991-1994 by NeoCAD Inc. All rights reserved.
Copyright (c) 1995 AT&T Corp.   All rights reserved.
Copyright (c) 1995-2001 Lucent Technologies Inc.  All rights reserved.
Copyright (c) 2001 Agere Systems   All rights reserved.
Copyright (c) 2002-2020 Lattice Semiconductor Corporation,  All rights reserved.
Sat Apr 23 02:21:24 2022


Command Line:  synthesis -f REU_impl1_lattice.synproj -gui -msgset C:/Users/garre/Repos/GW4302/cpld/promote.xml 

    <postMsg mid="35002000" type="Info"    dynamic="0" navigation="0"  />
Synthesis options:
The -a option is MachXO2.
The -s option is 4.
The -t option is TQFP100.
The -d option is LCMXO2-640HC.
Using package TQFP100.
Using performance grade 4.
                                                          

##########################################################

### Lattice Family : MachXO2

### Device  : LCMXO2-640HC

### Package : TQFP100

### Speed   : 4

##########################################################

                                                          

    <postMsg mid="35001781" type="Info"    dynamic="0" navigation="0"  />
Optimization goal = Balanced
Top-level module name = REU.
Target frequency = 200.000000 MHz.
Maximum fanout = 1000.
Timing path count = 3
BRAM utilization = 100.000000 %
DSP usage = true
DSP utilization = 100.000000 %
fsm_encoding_style = auto
resolve_mixed_drivers = 0
fix_gated_clocks = 1

Mux style = Auto
Use Carry Chain = true
carry_chain_length = 0
Loop Limit = 1950.
Use IO Insertion = TRUE
Use IO Reg = AUTO

Resource Sharing = TRUE
Propagate Constants = TRUE
Remove Duplicate Registers = TRUE
force_gsr = auto
ROM style = auto
RAM style = auto
The -comp option is FALSE.
The -syn option is FALSE.
-p C:/Users/garre/Repos/GW4302/cpld (searchpath added)
-p C:/lscc/diamond/3.12/ispfpga/xo2c00/data (searchpath added)
-p C:/Users/garre/Repos/GW4302/cpld/impl1 (searchpath added)
-p C:/Users/garre/Repos/GW4302/cpld (searchpath added)
Verilog design file = C:/Users/garre/Repos/GW4302/cpld/RAM.v
Verilog design file = C:/Users/garre/Repos/GW4302/cpld/Reg.v
Verilog design file = C:/Users/garre/Repos/GW4302/cpld/DMASeq.v
Verilog design file = C:/Users/garre/Repos/GW4302/cpld/Glue.v
Verilog design file = C:/Users/garre/Repos/GW4302/cpld/REU.v
NGD file = REU_impl1.ngd
-sdc option: SDC file input is C:/Users/garre/Repos/GW4302/cpld/REU.ldc.
-lpf option: Output file option is ON.
Hardtimer checking is enabled (default). The -dt option is not used.
The -r option is OFF. [ Remove LOC Properties is OFF. ]
Technology check ok...

Analyzing Verilog file C:/lscc/diamond/3.12/ispfpga/userware/NT/SYNTHESIS_HEADERS/machxo2.v. VERI-1482
Compile design.
Compile Design Begin
Analyzing Verilog file c:/users/garre/repos/gw4302/cpld/ram.v. VERI-1482
Analyzing Verilog file c:/users/garre/repos/gw4302/cpld/reg.v. VERI-1482
Analyzing Verilog file c:/users/garre/repos/gw4302/cpld/dmaseq.v. VERI-1482
Analyzing Verilog file c:/users/garre/repos/gw4302/cpld/glue.v. VERI-1482
Analyzing Verilog file c:/users/garre/repos/gw4302/cpld/reu.v. VERI-1482
Analyzing Verilog file C:/lscc/diamond/3.12/ispfpga/userware/NT/SYNTHESIS_HEADERS/machxo2.v. VERI-1482
Top module name (Verilog): REU
    <postMsg mid="35901018" type="Info"    dynamic="2" navigation="2" arg0="c:/users/garre/repos/gw4302/cpld/reu.v(1): " arg1="REU" arg2="c:/users/garre/repos/gw4302/cpld/reu.v" arg3="1"  />
    <postMsg mid="35901018" type="Info"    dynamic="2" navigation="2" arg0="c:/users/garre/repos/gw4302/cpld/reg.v(1): " arg1="REUReg" arg2="c:/users/garre/repos/gw4302/cpld/reg.v" arg3="1"  />
    <postMsg mid="35901018" type="Info"    dynamic="2" navigation="2" arg0="c:/users/garre/repos/gw4302/cpld/ram.v(1): " arg1="RAM" arg2="c:/users/garre/repos/gw4302/cpld/ram.v" arg3="1"  />
    <postMsg mid="35901018" type="Info"    dynamic="2" navigation="2" arg0="c:/users/garre/repos/gw4302/cpld/dmaseq.v(1): " arg1="DMASeq" arg2="c:/users/garre/repos/gw4302/cpld/dmaseq.v" arg3="1"  />
    <postMsg mid="35901018" type="Info"    dynamic="2" navigation="2" arg0="c:/users/garre/repos/gw4302/cpld/glue.v(1): " arg1="Glue" arg2="c:/users/garre/repos/gw4302/cpld/glue.v" arg3="1"  />
Last elaborated design is REU()
Loading NGL library 'C:/lscc/diamond/3.12/ispfpga/xo2c00/data/xo2clib.ngl'...
Loading NGL library 'C:/lscc/diamond/3.12/ispfpga/mg5g00/data/mg5glib.ngl'...
Loading NGL library 'C:/lscc/diamond/3.12/ispfpga/or5g00/data/orc5glib.ngl'...
Loading device for application map from file 'xo2c640.nph' in environment: C:/lscc/diamond/3.12/ispfpga.
Package Status:                     Final          Version 1.39.
Top-level module name = REU.
######## Converting I/O port A[15] to output.
######## Converting I/O port A[14] to output.
######## Converting I/O port A[13] to output.
######## Converting I/O port A[12] to output.
######## Converting I/O port A[11] to output.
######## Converting I/O port A[10] to output.
######## Converting I/O port A[9] to output.
######## Converting I/O port A[8] to output.
######## Converting I/O port A[7] to output.
######## Converting I/O port A[6] to output.
######## Converting I/O port A[5] to output.
######## Missing driver on net RA[12]. Patching with GND.
    <postMsg mid="35001774" type="Info"    dynamic="2" navigation="0" arg0="\ram/S" arg1="one-hot"  />
original encoding -> new encoding (one-hot encoding)

 000 -> 00000001

 001 -> 00000010

 010 -> 00000100

 011 -> 00001000

 100 -> 00010000

 101 -> 00100000

 110 -> 01000000

 111 -> 10000000




    <postMsg mid="35935013" type="Warning" dynamic="2" navigation="2" arg0="c:/users/garre/repos/gw4302/cpld/reg.v(99): " arg1="\reureg/Fault_522" arg2="c:/users/garre/repos/gw4302/cpld/reg.v" arg3="99"  />
    <postMsg mid="35935013" type="Warning" dynamic="2" navigation="2" arg0="c:/users/garre/repos/gw4302/cpld/dmaseq.v(87): " arg1="\dmaseq/DMA_63" arg2="c:/users/garre/repos/gw4302/cpld/dmaseq.v" arg3="87"  />
    <postMsg mid="35935013" type="Warning" dynamic="2" navigation="2" arg0="c:/users/garre/repos/gw4302/cpld/dmaseq.v(93): " arg1="\dmaseq/SwapState_67" arg2="c:/users/garre/repos/gw4302/cpld/dmaseq.v" arg3="93"  />
    <postMsg mid="35935013" type="Warning" dynamic="2" navigation="2" arg0="c:/users/garre/repos/gw4302/cpld/ram.v(72): " arg1="\ram/RDCMDr_131" arg2="c:/users/garre/repos/gw4302/cpld/ram.v" arg3="72"  />
GSR will not be inferred because no asynchronous signal was found in the netlist.
Duplicate register/latch removal. \reureg/IntPending_520 is a one-to-one match with \reureg/EndOfBlock_521.
Writing LPF file REU_impl1.lpf.
Results of NGD DRC are available in REU_drc.log.
Loading NGL library 'C:/lscc/diamond/3.12/ispfpga/xo2c00/data/xo2clib.ngl'...
Loading NGL library 'C:/lscc/diamond/3.12/ispfpga/mg5g00/data/mg5glib.ngl'...
Loading NGL library 'C:/lscc/diamond/3.12/ispfpga/or5g00/data/orc5glib.ngl'...


Running DRC...

    <postMsg mid="1166052" type="Warning" dynamic="2" navigation="1" arg0="logical" arg1="BA_c" arg2="BA_c"  />
    <postMsg mid="1166052" type="Warning" dynamic="2" navigation="1" arg0="logical" arg1="RD_out_0" arg2="RD_out_0"  />
    <postMsg mid="1166052" type="Warning" dynamic="2" navigation="1" arg0="logical" arg1="RD_out_1" arg2="RD_out_1"  />
    <postMsg mid="1166052" type="Warning" dynamic="2" navigation="1" arg0="logical" arg1="RD_out_2" arg2="RD_out_2"  />
    <postMsg mid="1166052" type="Warning" dynamic="2" navigation="1" arg0="logical" arg1="RD_out_3" arg2="RD_out_3"  />
    <postMsg mid="1166052" type="Warning" dynamic="2" navigation="1" arg0="logical" arg1="RD_out_4" arg2="RD_out_4"  />
    <postMsg mid="1166052" type="Warning" dynamic="2" navigation="1" arg0="logical" arg1="RD_out_5" arg2="RD_out_5"  />
    <postMsg mid="1166052" type="Warning" dynamic="2" navigation="1" arg0="logical" arg1="RD_out_6" arg2="RD_out_6"  />
    <postMsg mid="1166052" type="Warning" dynamic="2" navigation="1" arg0="logical" arg1="RD_out_7" arg2="RD_out_7"  />
    <postMsg mid="1163101" type="Warning" dynamic="1" navigation="0" arg0="9"  />

Design Results:
    436 blocks expanded
completed the first expansion
All blocks are expanded and NGD expansion is successful.
Writing NGD file REU_impl1.ngd.

################### Begin Area Report (REU)######################
Number of register bits => 165 of 877 (18 % )
BB => 21
FD1P3AX => 121
FD1P3IX => 11
FD1P3JX => 1
FD1S3AX => 23
FD1S3JX => 9
GSR => 1
IB => 6
INV => 2
L6MUX21 => 7
LUT4 => 177
OB => 31
OBZ => 11
PFUMX => 12
################### End Area Report ##################

################### Begin BlackBox Report ######################
TSALL => 1
################### End BlackBox Report ##################

################### Begin Clock Report ######################
Clock Nets
Number of Clocks: 2
  Net : C8M_c, loads : 38
  Net : PHI2_c, loads : 3
Clock Enable Nets
Number of Clock Enables: 24
Top 10 highest fanout Clock Enables:
  Net : ram/PHI2Start, loads : 12
  Net : ram/C8M_c_enable_20, loads : 11
  Net : reureg/PHI2_N_495_enable_57, loads : 8
  Net : reureg/PHI2_N_495_enable_91, loads : 8
  Net : reureg/PHI2_N_495_enable_74, loads : 8
  Net : reureg/PHI2_N_495_enable_72, loads : 8
  Net : reureg/PHI2_N_495_enable_89, loads : 8
  Net : reureg/CAOut_7__N_182, loads : 8
  Net : reureg/PHI2_N_495_enable_24, loads : 8
  Net : reureg/PHI2_N_495_enable_80, loads : 8
Highest fanout non-clock nets
Top 10 highest fanout non-clock nets:
  Net : PHI2_N_495, loads : 121
  Net : A_out_0, loads : 41
  Net : A_out_1, loads : 32
  Net : A_out_2, loads : 31
  Net : reureg/n2433, loads : 24
  Net : ram/RDOE_N_490, loads : 21
  Net : reureg/n2428, loads : 20
  Net : ram/PHI2Start_N_487, loads : 18
  Net : glue/n2424, loads : 17
  Net : A_out_3, loads : 16
################### End Clock Report ##################

Timing Report Summary
--------------
--------------------------------------------------------------------------------
Constraint                              |   Constraint|       Actual|Levels
--------------------------------------------------------------------------------
                                        |             |             |
create_clock -period 976.000000         |             |             |
-waveform { 0.000000 488.000000 } -name |             |             |
PHI2 [ get_ports { PHI2 } ]             |    1.024 MHz|   74.217 MHz|     4  
                                        |             |             |
create_clock -period 122.000000         |             |             |
-waveform { 0.000000 61.000000 } -name  |             |             |
C8M [ get_ports { C8M } ]               |    8.196 MHz|   88.842 MHz|     3  
                                        |             |             |
--------------------------------------------------------------------------------


All constraints were met.


Peak Memory Usage: 55.578  MB

--------------------------------------------------------------
Elapsed CPU time for LSE flow : 1.078  secs
--------------------------------------------------------------

map -a "MachXO2" -p LCMXO2-640HC -t TQFP100 -s 4 -oc Commercial   "REU_impl1.ngd" -o "REU_impl1_map.ncd" -pr "REU_impl1.prf" -mp "REU_impl1.mrp" -lpf "C:/Users/garre/Repos/GW4302/cpld/impl1/REU_impl1.lpf" -lpf "C:/Users/garre/Repos/GW4302/cpld/REU.lpf"  -c 0           
map:  version Diamond (64-bit) 3.12.0.240.2

Copyright (c) 1991-1994 by NeoCAD Inc. All rights reserved.
Copyright (c) 1995 AT&T Corp.   All rights reserved.
Copyright (c) 1995-2001 Lucent Technologies Inc.  All rights reserved.
Copyright (c) 2001 Agere Systems   All rights reserved.
Copyright (c) 2002-2020 Lattice Semiconductor Corporation,  All rights reserved.
   Process the file: REU_impl1.ngd
   Picdevice="LCMXO2-640HC"

   Pictype="TQFP100"

   Picspeed=4

   Remove unused logic

   Do not produce over sized NCDs.

Part used: LCMXO2-640HCTQFP100, Performance used: 4.

Loading device for application baspr from file 'xo2c640.nph' in environment: C:/lscc/diamond/3.12/ispfpga.
Package Status:                     Final          Version 1.39.

Running general design DRC...

Removing unused logic...

Optimizing...




Design Summary:
   Number of registers:    165 out of   877 (19%)
      PFU registers:          165 out of   640 (26%)
      PIO registers:            0 out of   237 (0%)
   Number of SLICEs:       109 out of   320 (34%)
      SLICEs as Logic/ROM:    109 out of   320 (34%)
      SLICEs as RAM:            0 out of   240 (0%)
      SLICEs as Carry:          0 out of   320 (0%)
   Number of LUT4s:        176 out of   640 (28%)
      Number used as logic LUTs:        176
      Number used as distributed RAM:     0
      Number used as ripple logic:        0
      Number used as shift registers:     0
   Number of PIO sites used: 68 + 4(JTAG) out of 79 (91%)
   Number of block RAMs:  0 out of 2 (0%)
   Number of GSRs:        0 out of 1 (0%)
   EFB used :        No
   JTAG used :       No
   Readback used :   No
   Oscillator used : No
   Startup used :    No
   POR :             On
   Bandgap :         On
   Number of Power Controller:  0 out of 1 (0%)
   Number of Dynamic Bank Controller (BCINRD):  0 out of 4 (0%)
   Number of DCCA:  0 out of 8 (0%)
   Number of DCMA:  0 out of 2 (0%)
   Notes:-
      1. Total number of LUT4s = (Number of logic LUT4s) + 2*(Number of distributed RAMs) + 2*(Number of ripple logic)
      2. Number of logic LUT4s does not include count of distributed RAM and ripple logic.
   Number of clocks:  2
     Net PHI2_c: 65 loads, 1 rising, 64 falling (Driver: PIO PHI2 )
     Net C8M_c: 28 loads, 23 rising, 5 falling (Driver: PIO C8M )
   Number of Clock Enables:  24
     Net C8M_c_enable_19: 1 loads, 1 LSLICEs
     Net reureg/PHI2_N_495_enable_80: 4 loads, 4 LSLICEs
     Net reureg/PHI2_N_495_enable_74: 4 loads, 4 LSLICEs
     Net reureg/PHI2_N_495_enable_98: 4 loads, 4 LSLICEs
     Net reureg/PHI2_N_495_enable_72: 4 loads, 4 LSLICEs
     Net reureg/CAOut_7__N_182: 4 loads, 4 LSLICEs
     Net reureg/PHI2_N_495_enable_14: 1 loads, 1 LSLICEs
     Net reureg/PHI2_N_495_enable_24: 4 loads, 4 LSLICEs
     Net reureg/PHI2_N_495_enable_77: 4 loads, 4 LSLICEs
     Net reureg/IncMode_1__N_379: 1 loads, 1 LSLICEs
     Net reureg/PHI2_N_495_enable_95: 2 loads, 2 LSLICEs
     Net reureg/PHI2_N_495_enable_44: 4 loads, 4 LSLICEs
     Net reureg/PHI2_N_495_enable_66: 2 loads, 2 LSLICEs
     Net reureg/PHI2_N_495_enable_57: 4 loads, 4 LSLICEs
     Net reureg/PHI2_N_495_enable_89: 4 loads, 4 LSLICEs
     Net reureg/PHI2_N_495_enable_91: 4 loads, 4 LSLICEs
     Net reureg/PHI2_N_495_enable_86: 1 loads, 1 LSLICEs
     Net reureg/PHI2_N_495_enable_94: 4 loads, 4 LSLICEs
     Net reureg/PHI2_N_495_enable_97: 2 loads, 2 LSLICEs
     Net ram/C8M_c_enable_17: 4 loads, 4 LSLICEs
     Net ram/PHI2Start: 3 loads, 3 LSLICEs
     Net ram/C8M_N_435_enable_1: 1 loads, 1 LSLICEs
     Net ram/C8M_c_enable_20: 6 loads, 6 LSLICEs
     Net ram/C8M_c_enable_21: 1 loads, 1 LSLICEs
   Number of LSRs:  7
     Net XferType_1: 1 loads, 1 LSLICEs
     Net n236: 1 loads, 1 LSLICEs
     Net PLLLock: 5 loads, 5 LSLICEs
     Net reureg/n2141: 1 loads, 1 LSLICEs
     Net ram/PHI2Start: 5 loads, 5 LSLICEs
     Net ram/RDOE_N_490: 1 loads, 1 LSLICEs
     Net ram/n1559: 1 loads, 1 LSLICEs
   Number of nets driven by tri-state buffers:  0
   Top 10 highest fanout non-clock nets:
     Net A_out_0: 41 loads
     Net A_out_1: 32 loads
     Net A_out_2: 31 loads
     Net reureg/n2433: 24 loads
     Net ram/RDOE_N_490: 21 loads
     Net reureg/n2428: 20 loads
     Net PHI2Start_N_487: 19 loads
     Net n2424: 18 loads
     Net A_out_3: 16 loads
     Net D_out_6: 16 loads
 

   Number of warnings:  0
   Number of errors:    0



Total CPU Time: 0 secs  
Total REAL Time: 0 secs  
Peak Memory Usage: 36 MB

Dumping design to file REU_impl1_map.ncd.

ncd2vdb "REU_impl1_map.ncd" ".vdbs/REU_impl1_map.vdb"

Loading device for application ncd2vdb from file 'xo2c640.nph' in environment: C:/lscc/diamond/3.12/ispfpga.

trce -f "REU_impl1.mt" -o "REU_impl1.tw1" "REU_impl1_map.ncd" "REU_impl1.prf"
trce:  version Diamond (64-bit) 3.12.0.240.2

Copyright (c) 1991-1994 by NeoCAD Inc. All rights reserved.
Copyright (c) 1995 AT&T Corp.   All rights reserved.
Copyright (c) 1995-2001 Lucent Technologies Inc.  All rights reserved.
Copyright (c) 2001 Agere Systems   All rights reserved.
Copyright (c) 2002-2020 Lattice Semiconductor Corporation,  All rights reserved.

Loading design for application trce from file reu_impl1_map.ncd.
Design name: REU
NCD version: 3.3
Vendor:      LATTICE
Device:      LCMXO2-640HC
Package:     TQFP100
Performance: 4
Loading device for application trce from file 'xo2c640.nph' in environment: C:/lscc/diamond/3.12/ispfpga.
Package Status:                     Final          Version 1.39.
Performance Hardware Data Status:   Final          Version 34.4.
Setup and Hold Report

--------------------------------------------------------------------------------
Lattice TRACE Report - Setup, Version Diamond (64-bit) 3.12.0.240.2
Sat Apr 23 02:21:27 2022

Copyright (c) 1991-1994 by NeoCAD Inc. All rights reserved.
Copyright (c) 1995 AT&T Corp.   All rights reserved.
Copyright (c) 1995-2001 Lucent Technologies Inc.  All rights reserved.
Copyright (c) 2001 Agere Systems   All rights reserved.
Copyright (c) 2002-2020 Lattice Semiconductor Corporation,  All rights reserved.

Report Information
------------------
Command line:    trce -v 1 -gt -mapchkpnt 0 -sethld -o REU_impl1.tw1 -gui -msgset C:/Users/garre/Repos/GW4302/cpld/promote.xml REU_impl1_map.ncd REU_impl1.prf 
Design file:     reu_impl1_map.ncd
Preference file: reu_impl1.prf
Device,speed:    LCMXO2-640HC,4
Report level:    verbose report, limited to 1 item per preference
--------------------------------------------------------------------------------

BLOCK ASYNCPATHS
BLOCK RESETPATHS
--------------------------------------------------------------------------------


Derating parameters
-------------------
Voltage:    3.150 V

VCCIO Voltage:
                   3.300 V (Bank 0, defined by PAR)
                   3.300 V (Bank 1, defined by PAR)
                   3.300 V (Bank 2, defined by PAR)
                   3.300 V (Bank 3, defined by PAR)
                   2.500 V (Bank 4)
                   2.500 V (Bank 5)
                   2.500 V (Bank 6)
                   2.500 V (Bank 7)



Timing summary (Setup):
---------------

Timing errors: 0  Score: 0
Cumulative negative slack: 0

Constraints cover 718 paths, 2 nets, and 422 connections (40.19% coverage)

--------------------------------------------------------------------------------
Lattice TRACE Report - Hold, Version Diamond (64-bit) 3.12.0.240.2
Sat Apr 23 02:21:27 2022

Copyright (c) 1991-1994 by NeoCAD Inc. All rights reserved.
Copyright (c) 1995 AT&T Corp.   All rights reserved.
Copyright (c) 1995-2001 Lucent Technologies Inc.  All rights reserved.
Copyright (c) 2001 Agere Systems   All rights reserved.
Copyright (c) 2002-2020 Lattice Semiconductor Corporation,  All rights reserved.

Report Information
------------------
Command line:    trce -v 1 -gt -mapchkpnt 0 -sethld -o REU_impl1.tw1 -gui -msgset C:/Users/garre/Repos/GW4302/cpld/promote.xml REU_impl1_map.ncd REU_impl1.prf 
Design file:     reu_impl1_map.ncd
Preference file: reu_impl1.prf
Device,speed:    LCMXO2-640HC,M
Report level:    verbose report, limited to 1 item per preference
--------------------------------------------------------------------------------

BLOCK ASYNCPATHS
BLOCK RESETPATHS
--------------------------------------------------------------------------------


Derating parameters
-------------------
Voltage:    3.150 V

VCCIO Voltage:
                   3.300 V (Bank 0, defined by PAR)
                   3.300 V (Bank 1, defined by PAR)
                   3.300 V (Bank 2, defined by PAR)
                   3.300 V (Bank 3, defined by PAR)
                   2.500 V (Bank 4)
                   2.500 V (Bank 5)
                   2.500 V (Bank 6)
                   2.500 V (Bank 7)



Timing summary (Hold):
---------------

Timing errors: 0  Score: 0
Cumulative negative slack: 0

Constraints cover 718 paths, 2 nets, and 422 connections (40.19% coverage)



Timing summary (Setup and Hold):
---------------

Timing errors: 0 (setup), 0 (hold)
Score: 0 (setup), 0 (hold)
Cumulative negative slack: 0 (0+0)
--------------------------------------------------------------------------------

--------------------------------------------------------------------------------

Total CPU Time: 0 secs 
Total REAL Time: 0 secs 
Peak Memory Usage: 41 MB


mpartrce -p "REU_impl1.p2t" -f "REU_impl1.p3t" -tf "REU_impl1.pt" "REU_impl1_map.ncd" "REU_impl1.ncd"

---- MParTrce Tool ----
Removing old design directory at request of -rem command line option to this program.
Running par. Please wait . . .

Lattice Place and Route Report for Design "REU_impl1_map.ncd"
Sat Apr 23 02:21:27 2022

PAR: Place And Route Diamond (64-bit) 3.12.0.240.2.
Command Line: par -w -l 5 -i 6 -t 1 -c 0 -e 0 -gui -msgset C:/Users/garre/Repos/GW4302/cpld/promote.xml -exp parUseNBR=1:parCDP=0:parCDR=0:parPathBased=OFF:parASE=1 REU_impl1_map.ncd REU_impl1.dir/5_1.ncd REU_impl1.prf
Preference file: REU_impl1.prf.
Placement level-cost: 5-1.
Routing Iterations: 6

Loading design for application par from file REU_impl1_map.ncd.
Design name: REU
NCD version: 3.3
Vendor:      LATTICE
Device:      LCMXO2-640HC
Package:     TQFP100
Performance: 4
Loading device for application par from file 'xo2c640.nph' in environment: C:/lscc/diamond/3.12/ispfpga.
Package Status:                     Final          Version 1.39.
Performance Hardware Data Status:   Final          Version 34.4.
License checked out.


Ignore Preference Error(s):  True
Device utilization summary:

   PIO (prelim)   68+4(JTAG)/80      90% used
                  68+4(JTAG)/79      91% bonded

   SLICE            109/320          34% used



Number of Signals: 354
Number of Connections: 1050

Pin Constraint Summary:
   68 out of 68 pins locked (100% locked).

The following 2 signals are selected to use the primary clock routing resources:
    PHI2_c (driver: PHI2, clk load #: 65)
    C8M_c (driver: C8M, clk load #: 28)


No signal is selected as secondary clock.

No signal is selected as Global Set/Reset.
Starting Placer Phase 0.
............
Finished Placer Phase 0.  REAL time: 0 secs 

Starting Placer Phase 1.
....................
Placer score = 59844.
Finished Placer Phase 1.  REAL time: 6 secs 

Starting Placer Phase 2.
.
Placer score =  59739
Finished Placer Phase 2.  REAL time: 6 secs 


------------------ Clock Report ------------------

Global Clock Resources:
  CLK_PIN    : 2 out of 8 (25%)
  DCM        : 0 out of 2 (0%)
  DCC        : 0 out of 8 (0%)

Global Clocks:
  PRIMARY "PHI2_c" from comp "PHI2" on CLK_PIN site "38 (PB10C)", clk load = 65
  PRIMARY "C8M_c" from comp "C8M" on CLK_PIN site "34 (PB6C)", clk load = 28

  PRIMARY  : 2 out of 8 (25%)
  SECONDARY: 0 out of 8 (0%)

--------------- End of Clock Report ---------------


I/O Usage Summary (final):
   68 + 4(JTAG) out of 80 (90.0%) PIO sites used.
   68 + 4(JTAG) out of 79 (91.1%) bonded PIO sites used.
   Number of PIO comps: 68; differential: 0.
   Number of Vref pins used: 0.

I/O Bank Usage Summary:
+----------+----------------+------------+-----------+
| I/O Bank | Usage          | Bank Vccio | Bank Vref |
+----------+----------------+------------+-----------+
| 0        | 12 / 19 ( 63%) | 3.3V       | -         |
| 1        | 20 / 20 (100%) | 3.3V       | -         |
| 2        | 18 / 20 ( 90%) | 3.3V       | -         |
| 3        | 18 / 20 ( 90%) | 3.3V       | -         |
+----------+----------------+------------+-----------+

Total placer CPU time: 5 secs 

Dumping design to file REU_impl1.dir/5_1.ncd.

0 connections routed; 1050 unrouted.
Starting router resource preassignment

Completed router resource preassignment. Real time: 8 secs 

Start NBR router at 02:21:35 04/23/22

*****************************************************************
Info: NBR allows conflicts(one node used by more than one signal)
      in the earlier iterations. In each iteration, it tries to  
      solve the conflicts while keeping the critical connections 
      routed as short as possible. The routing process is said to
      be completed when no conflicts exist and all connections   
      are routed.                                                
Note: NBR uses a different method to calculate timing slacks. The
      worst slack and total negative slack may not be the same as
      that in TRCE report. You should always run TRCE to verify  
      your design.                                               
*****************************************************************

Start NBR special constraint process at 02:21:35 04/23/22

Start NBR section for initial routing at 02:21:35 04/23/22
Level 4, iteration 1
33(0.07%) conflicts; 0(0.00%) untouched conn; 0 (nbr) score; 
Estimated worst slack/total negative slack<setup>: 112.688ns/0.000ns; real time: 9 secs 

Info: Initial congestion level at 75% usage is 0
Info: Initial congestion area  at 75% usage is 0 (0.00%)

Start NBR section for normal routing at 02:21:36 04/23/22
Level 4, iteration 1
15(0.03%) conflicts; 0(0.00%) untouched conn; 0 (nbr) score; 
Estimated worst slack/total negative slack<setup>: 112.688ns/0.000ns; real time: 9 secs 
Level 4, iteration 2
4(0.01%) conflicts; 0(0.00%) untouched conn; 0 (nbr) score; 
Estimated worst slack/total negative slack<setup>: 112.688ns/0.000ns; real time: 9 secs 
Level 4, iteration 3
2(0.00%) conflicts; 0(0.00%) untouched conn; 0 (nbr) score; 
Estimated worst slack/total negative slack<setup>: 112.688ns/0.000ns; real time: 9 secs 
Level 4, iteration 4
0(0.00%) conflict; 0(0.00%) untouched conn; 0 (nbr) score; 
Estimated worst slack/total negative slack<setup>: 112.688ns/0.000ns; real time: 9 secs 

Start NBR section for setup/hold timing optimization with effort level 3 at 02:21:36 04/23/22

Start NBR section for re-routing at 02:21:36 04/23/22
Level 4, iteration 1
0(0.00%) conflict; 0(0.00%) untouched conn; 0 (nbr) score; 
Estimated worst slack/total negative slack<setup>: 112.688ns/0.000ns; real time: 9 secs 

Start NBR section for post-routing at 02:21:36 04/23/22

End NBR router with 0 unrouted connection

NBR Summary
-----------
  Number of unrouted connections : 0 (0.00%)
  Number of connections with timing violations : 0 (0.00%)
  Estimated worst slack<setup> : 112.688ns
  Timing score<setup> : 0
-----------
Notes: The timing info is calculated for SETUP only and all PAR_ADJs are ignored.



Total CPU time 9 secs 
Total REAL time: 9 secs 
Completely routed.
End of route.  1050 routed (100.00%); 0 unrouted.

Hold time timing score: 0, hold timing errors: 0

Timing score: 0 

Dumping design to file REU_impl1.dir/5_1.ncd.


PAR_SUMMARY::Run status = Completed
PAR_SUMMARY::Number of unrouted conns = 0
PAR_SUMMARY::Worst  slack<setup/<ns>> = 112.688
PAR_SUMMARY::Timing score<setup/<ns>> = 0.000
PAR_SUMMARY::Worst  slack<hold /<ns>> = 0.304
PAR_SUMMARY::Timing score<hold /<ns>> = 0.000
PAR_SUMMARY::Number of errors = 0

Total CPU  time to completion: 9 secs 
Total REAL time to completion: 9 secs 

par done!

Note: user must run 'Trace' for timing closure signoff.

Copyright (c) 1991-1994 by NeoCAD Inc. All rights reserved.
Copyright (c) 1995 AT&T Corp.   All rights reserved.
Copyright (c) 1995-2001 Lucent Technologies Inc.  All rights reserved.
Copyright (c) 2001 Agere Systems   All rights reserved.
Copyright (c) 2002-2020 Lattice Semiconductor Corporation,  All rights reserved.
Exiting par with exit code 0
Exiting mpartrce with exit code 0

trce -f "REU_impl1.pt" -o "REU_impl1.twr" "REU_impl1.ncd" "REU_impl1.prf"
trce:  version Diamond (64-bit) 3.12.0.240.2

Copyright (c) 1991-1994 by NeoCAD Inc. All rights reserved.
Copyright (c) 1995 AT&T Corp.   All rights reserved.
Copyright (c) 1995-2001 Lucent Technologies Inc.  All rights reserved.
Copyright (c) 2001 Agere Systems   All rights reserved.
Copyright (c) 2002-2020 Lattice Semiconductor Corporation,  All rights reserved.

Loading design for application trce from file reu_impl1.ncd.
Design name: REU
NCD version: 3.3
Vendor:      LATTICE
Device:      LCMXO2-640HC
Package:     TQFP100
Performance: 4
Loading device for application trce from file 'xo2c640.nph' in environment: C:/lscc/diamond/3.12/ispfpga.
Package Status:                     Final          Version 1.39.
Performance Hardware Data Status:   Final          Version 34.4.
Setup and Hold Report

--------------------------------------------------------------------------------
Lattice TRACE Report - Setup, Version Diamond (64-bit) 3.12.0.240.2
Sat Apr 23 02:21:37 2022

Copyright (c) 1991-1994 by NeoCAD Inc. All rights reserved.
Copyright (c) 1995 AT&T Corp.   All rights reserved.
Copyright (c) 1995-2001 Lucent Technologies Inc.  All rights reserved.
Copyright (c) 2001 Agere Systems   All rights reserved.
Copyright (c) 2002-2020 Lattice Semiconductor Corporation,  All rights reserved.

Report Information
------------------
Command line:    trce -v 10 -gt -sethld -sp 4 -sphld m -o REU_impl1.twr -gui -msgset C:/Users/garre/Repos/GW4302/cpld/promote.xml REU_impl1.ncd REU_impl1.prf 
Design file:     reu_impl1.ncd
Preference file: reu_impl1.prf
Device,speed:    LCMXO2-640HC,4
Report level:    verbose report, limited to 10 items per preference
--------------------------------------------------------------------------------

BLOCK ASYNCPATHS
BLOCK RESETPATHS
--------------------------------------------------------------------------------


Derating parameters
-------------------
Voltage:    3.150 V

VCCIO Voltage:
                   3.300 V (Bank 0, defined by PAR)
                   3.300 V (Bank 1, defined by PAR)
                   3.300 V (Bank 2, defined by PAR)
                   3.300 V (Bank 3, defined by PAR)
                   2.500 V (Bank 4)
                   2.500 V (Bank 5)
                   2.500 V (Bank 6)
                   2.500 V (Bank 7)



Timing summary (Setup):
---------------

Timing errors: 0  Score: 0
Cumulative negative slack: 0

Constraints cover 718 paths, 2 nets, and 434 connections (41.33% coverage)

--------------------------------------------------------------------------------
Lattice TRACE Report - Hold, Version Diamond (64-bit) 3.12.0.240.2
Sat Apr 23 02:21:37 2022

Copyright (c) 1991-1994 by NeoCAD Inc. All rights reserved.
Copyright (c) 1995 AT&T Corp.   All rights reserved.
Copyright (c) 1995-2001 Lucent Technologies Inc.  All rights reserved.
Copyright (c) 2001 Agere Systems   All rights reserved.
Copyright (c) 2002-2020 Lattice Semiconductor Corporation,  All rights reserved.

Report Information
------------------
Command line:    trce -v 10 -gt -sethld -sp 4 -sphld m -o REU_impl1.twr -gui -msgset C:/Users/garre/Repos/GW4302/cpld/promote.xml REU_impl1.ncd REU_impl1.prf 
Design file:     reu_impl1.ncd
Preference file: reu_impl1.prf
Device,speed:    LCMXO2-640HC,m
Report level:    verbose report, limited to 10 items per preference
--------------------------------------------------------------------------------

BLOCK ASYNCPATHS
BLOCK RESETPATHS
--------------------------------------------------------------------------------


Derating parameters
-------------------
Voltage:    3.150 V

VCCIO Voltage:
                   3.300 V (Bank 0, defined by PAR)
                   3.300 V (Bank 1, defined by PAR)
                   3.300 V (Bank 2, defined by PAR)
                   3.300 V (Bank 3, defined by PAR)
                   2.500 V (Bank 4)
                   2.500 V (Bank 5)
                   2.500 V (Bank 6)
                   2.500 V (Bank 7)



Timing summary (Hold):
---------------

Timing errors: 0  Score: 0
Cumulative negative slack: 0

Constraints cover 718 paths, 2 nets, and 434 connections (41.33% coverage)



Timing summary (Setup and Hold):
---------------

Timing errors: 0 (setup), 0 (hold)
Score: 0 (setup), 0 (hold)
Cumulative negative slack: 0 (0+0)
--------------------------------------------------------------------------------

--------------------------------------------------------------------------------

Total CPU Time: 0 secs 
Total REAL Time: 0 secs 
Peak Memory Usage: 41 MB


iotiming  "REU_impl1.ncd" "REU_impl1.prf"
I/O Timing Report:
:  version Diamond (64-bit) 3.12.0.240.2

Copyright (c) 1991-1994 by NeoCAD Inc. All rights reserved.
Copyright (c) 1995 AT&T Corp.   All rights reserved.
Copyright (c) 1995-2001 Lucent Technologies Inc.  All rights reserved.
Copyright (c) 2001 Agere Systems   All rights reserved.
Copyright (c) 2002-2020 Lattice Semiconductor Corporation,  All rights reserved.

Loading design for application iotiming from file reu_impl1.ncd.
Design name: REU
NCD version: 3.3
Vendor:      LATTICE
Device:      LCMXO2-640HC
Package:     TQFP100
Performance: 4
Loading device for application iotiming from file 'xo2c640.nph' in environment: C:/lscc/diamond/3.12/ispfpga.
Package Status:                     Final          Version 1.39.
Performance Hardware Data Status:   Final          Version 34.4.
Running Performance Grade: 4
Computing Setup Time ...
Computing Max Clock to Output Delay ...
Computing Hold Time ...
Computing Min Clock to Output Delay ...

Loading design for application iotiming from file reu_impl1.ncd.
Design name: REU
NCD version: 3.3
Vendor:      LATTICE
Device:      LCMXO2-640HC
Package:     TQFP100
Performance: 5
Package Status:                     Final          Version 1.39.
Performance Hardware Data Status:   Final          Version 34.4.
Running Performance Grade: 5
Computing Setup Time ...
Computing Max Clock to Output Delay ...
Computing Hold Time ...
Computing Min Clock to Output Delay ...

Loading design for application iotiming from file reu_impl1.ncd.
Design name: REU
NCD version: 3.3
Vendor:      LATTICE
Device:      LCMXO2-640HC
Package:     TQFP100
Performance: 6
Package Status:                     Final          Version 1.39.
Performance Hardware Data Status:   Final          Version 34.4.
Running Performance Grade: 6
Computing Setup Time ...
Computing Max Clock to Output Delay ...
Computing Hold Time ...
Computing Min Clock to Output Delay ...

Loading design for application iotiming from file reu_impl1.ncd.
Design name: REU
NCD version: 3.3
Vendor:      LATTICE
Device:      LCMXO2-640HC
Package:     TQFP100
Performance: M
Package Status:                     Final          Version 1.39.
Performance Hardware Data Status:   Final          Version 34.4.
Running Performance Grade: M
Computing Setup Time ...
Computing Max Clock to Output Delay ...
Computing Hold Time ...
Computing Min Clock to Output Delay ...
Done.

tmcheck -par "REU_impl1.par" 

bitgen -f "REU_impl1.t2b" -w "REU_impl1.ncd"  -jedec "REU_impl1.prf"


BITGEN: Bitstream Generator Diamond (64-bit) 3.12.0.240.2
Copyright (c) 1991-1994 by NeoCAD Inc. All rights reserved.
Copyright (c) 1995 AT&T Corp.   All rights reserved.
Copyright (c) 1995-2001 Lucent Technologies Inc.  All rights reserved.
Copyright (c) 2001 Agere Systems   All rights reserved.
Copyright (c) 2002-2020 Lattice Semiconductor Corporation,  All rights reserved.


Loading design for application Bitgen from file REU_impl1.ncd.
Design name: REU
NCD version: 3.3
Vendor:      LATTICE
Device:      LCMXO2-640HC
Package:     TQFP100
Performance: 4
Loading device for application Bitgen from file 'xo2c640.nph' in environment: C:/lscc/diamond/3.12/ispfpga.
Package Status:                     Final          Version 1.39.
Performance Hardware Data Status:   Final          Version 34.4.

Running DRC.
DRC detected 0 errors and 0 warnings.
Reading Preference File from REU_impl1.prf.

Preference Summary:
+---------------------------------+---------------------------------+
|  Preference                     |  Current Setting                |
+---------------------------------+---------------------------------+
|                         RamCfg  |                        Reset**  |
+---------------------------------+---------------------------------+
|                     MCCLK_FREQ  |                         2.08**  |
+---------------------------------+---------------------------------+
|                  CONFIG_SECURE  |                          OFF**  |
+---------------------------------+---------------------------------+
|                          INBUF  |                           ON**  |
+---------------------------------+---------------------------------+
|                      JTAG_PORT  |                       ENABLE**  |
+---------------------------------+---------------------------------+
|                       SDM_PORT  |                      DISABLE**  |
+---------------------------------+---------------------------------+
|                 SLAVE_SPI_PORT  |                      DISABLE**  |
+---------------------------------+---------------------------------+
|                MASTER_SPI_PORT  |                      DISABLE**  |
+---------------------------------+---------------------------------+
|                       I2C_PORT  |                      DISABLE**  |
+---------------------------------+---------------------------------+
|        MUX_CONFIGURATION_PORTS  |                      DISABLE**  |
+---------------------------------+---------------------------------+
|                  CONFIGURATION  |                          CFG**  |
+---------------------------------+---------------------------------+
|                COMPRESS_CONFIG  |                           ON**  |
+---------------------------------+---------------------------------+
|                        MY_ASSP  |                          OFF**  |
+---------------------------------+---------------------------------+
|               ONE_TIME_PROGRAM  |                          OFF**  |
+---------------------------------+---------------------------------+
|                 ENABLE_TRANSFR  |                      DISABLE**  |
+---------------------------------+---------------------------------+
|                  SHAREDEBRINIT  |                      DISABLE**  |
+---------------------------------+---------------------------------+
|            BACKGROUND_RECONFIG  |                          OFF**  |
+---------------------------------+---------------------------------+
 *  Default setting.
 ** The specified setting matches the default setting.


Creating bit map...
 
Bitstream Status: Final           Version 1.95.
 
Saving bit stream in "REU_impl1.jed".
 
===========
UFM Summary.
===========
UFM Size:        191 Pages (128*191 Bits).
UFM Utilization: General Purpose Flash Memory.
 
Available General Purpose Flash Memory:  191 Pages (Page 0 to Page 190).
Initialized UFM Pages:                     0 Page.
 
Total CPU Time: 2 secs 
Total REAL Time: 3 secs 
Peak Memory Usage: 246 MB
