
             Lattice Mapping Report File for Design Module 'REU'


Design Information
------------------

Command line:   map -a MachXO2 -p LCMXO2-640HC -t TQFP100 -s 4 -oc Commercial
     REU_impl1.ngd -o REU_impl1_map.ncd -pr REU_impl1.prf -mp REU_impl1.mrp -lpf
     C:/Users/garre/Repos/GW4302/cpld/impl1/REU_impl1.lpf -lpf
     C:/Users/garre/Repos/GW4302/cpld/REU.lpf -c 0 -gui -msgset
     C:/Users/garre/Repos/GW4302/cpld/promote.xml 
Target Vendor:  LATTICE
Target Device:  LCMXO2-640HCTQFP100
Target Performance:   4
Mapper:  xo2c00,  version:  Diamond (64-bit) 3.12.0.240.2
Mapped on:  04/23/22  02:21:25

Design Summary
--------------

   Number of registers:    165 out of   877 (19%)
      PFU registers:          165 out of   640 (26%)
      PIO registers:            0 out of   237 (0%)
   Number of SLICEs:       109 out of   320 (34%)
      SLICEs as Logic/ROM:    109 out of   320 (34%)
      SLICEs as RAM:            0 out of   240 (0%)
      SLICEs as Carry:          0 out of   320 (0%)
   Number of LUT4s:        176 out of   640 (28%)
      Number used as logic LUTs:        176
      Number used as distributed RAM:     0
      Number used as ripple logic:        0
      Number used as shift registers:     0
   Number of PIO sites used: 68 + 4(JTAG) out of 79 (91%)
   Number of block RAMs:  0 out of 2 (0%)
   Number of GSRs:        0 out of 1 (0%)
   EFB used :        No
   JTAG used :       No
   Readback used :   No
   Oscillator used : No
   Startup used :    No
   POR :             On
   Bandgap :         On
   Number of Power Controller:  0 out of 1 (0%)
   Number of Dynamic Bank Controller (BCINRD):  0 out of 4 (0%)
   Number of DCCA:  0 out of 8 (0%)
   Number of DCMA:  0 out of 2 (0%)
   Notes:-
      1. Total number of LUT4s = (Number of logic LUT4s) + 2*(Number of
     distributed RAMs) + 2*(Number of ripple logic)
      2. Number of logic LUT4s does not include count of distributed RAM and
     ripple logic.
   Number of clocks:  2
     Net PHI2_c: 65 loads, 1 rising, 64 falling (Driver: PIO PHI2 )
     Net C8M_c: 28 loads, 23 rising, 5 falling (Driver: PIO C8M )
   Number of Clock Enables:  24
     Net C8M_c_enable_19: 1 loads, 1 LSLICEs
     Net reureg/PHI2_N_495_enable_80: 4 loads, 4 LSLICEs
     Net reureg/PHI2_N_495_enable_74: 4 loads, 4 LSLICEs
     Net reureg/PHI2_N_495_enable_98: 4 loads, 4 LSLICEs
     Net reureg/PHI2_N_495_enable_72: 4 loads, 4 LSLICEs
     Net reureg/CAOut_7__N_182: 4 loads, 4 LSLICEs

                                    Page 1




Design:  REU                                           Date:  04/23/22  02:21:25

Design Summary (cont)
---------------------
     Net reureg/PHI2_N_495_enable_14: 1 loads, 1 LSLICEs
     Net reureg/PHI2_N_495_enable_24: 4 loads, 4 LSLICEs
     Net reureg/PHI2_N_495_enable_77: 4 loads, 4 LSLICEs
     Net reureg/IncMode_1__N_379: 1 loads, 1 LSLICEs
     Net reureg/PHI2_N_495_enable_95: 2 loads, 2 LSLICEs
     Net reureg/PHI2_N_495_enable_44: 4 loads, 4 LSLICEs
     Net reureg/PHI2_N_495_enable_66: 2 loads, 2 LSLICEs
     Net reureg/PHI2_N_495_enable_57: 4 loads, 4 LSLICEs
     Net reureg/PHI2_N_495_enable_89: 4 loads, 4 LSLICEs
     Net reureg/PHI2_N_495_enable_91: 4 loads, 4 LSLICEs
     Net reureg/PHI2_N_495_enable_86: 1 loads, 1 LSLICEs
     Net reureg/PHI2_N_495_enable_94: 4 loads, 4 LSLICEs
     Net reureg/PHI2_N_495_enable_97: 2 loads, 2 LSLICEs
     Net ram/C8M_c_enable_17: 4 loads, 4 LSLICEs
     Net ram/PHI2Start: 3 loads, 3 LSLICEs
     Net ram/C8M_N_435_enable_1: 1 loads, 1 LSLICEs
     Net ram/C8M_c_enable_20: 6 loads, 6 LSLICEs
     Net ram/C8M_c_enable_21: 1 loads, 1 LSLICEs
   Number of LSRs:  7
     Net XferType_1: 1 loads, 1 LSLICEs
     Net n236: 1 loads, 1 LSLICEs
     Net PLLLock: 5 loads, 5 LSLICEs
     Net reureg/n2141: 1 loads, 1 LSLICEs
     Net ram/PHI2Start: 5 loads, 5 LSLICEs
     Net ram/RDOE_N_490: 1 loads, 1 LSLICEs
     Net ram/n1559: 1 loads, 1 LSLICEs
   Number of nets driven by tri-state buffers:  0
   Top 10 highest fanout non-clock nets:
     Net A_out_0: 41 loads
     Net A_out_1: 32 loads
     Net A_out_2: 31 loads
     Net reureg/n2433: 24 loads
     Net ram/RDOE_N_490: 21 loads
     Net reureg/n2428: 20 loads
     Net PHI2Start_N_487: 19 loads
     Net n2424: 18 loads
     Net A_out_3: 16 loads
     Net D_out_6: 16 loads




   Number of warnings:  0
   Number of errors:    0
     

Design Errors/Warnings
----------------------

   No errors or warnings present.

IO (PIO) Attributes
-------------------

+---------------------+-----------+-----------+------------+
| IO Name             | Direction | Levelmode | IO         |

                                    Page 2




Design:  REU                                           Date:  04/23/22  02:21:25

IO (PIO) Attributes (cont)
--------------------------
|                     |           |  IO_TYPE  | Register   |
+---------------------+-----------+-----------+------------+
| A[3]                | BIDIR     | LVCMOS33  |            |
+---------------------+-----------+-----------+------------+
| A[4]                | BIDIR     | LVCMOS33  |            |
+---------------------+-----------+-----------+------------+
| D[0]                | BIDIR     | LVCMOS33  |            |
+---------------------+-----------+-----------+------------+
| D[1]                | BIDIR     | LVCMOS33  |            |
+---------------------+-----------+-----------+------------+
| D[2]                | BIDIR     | LVCMOS33  |            |
+---------------------+-----------+-----------+------------+
| D[3]                | BIDIR     | LVCMOS33  |            |
+---------------------+-----------+-----------+------------+
| D[4]                | BIDIR     | LVCMOS33  |            |
+---------------------+-----------+-----------+------------+
| D[5]                | BIDIR     | LVCMOS33  |            |
+---------------------+-----------+-----------+------------+
| D[6]                | BIDIR     | LVCMOS33  |            |
+---------------------+-----------+-----------+------------+
| nIO2                | INPUT     | LVCMOS33  |            |
+---------------------+-----------+-----------+------------+
| nWE                 | INPUT     | LVCMOS33  |            |
+---------------------+-----------+-----------+------------+
| nRESET              | INPUT     | LVCMOS33  |            |
+---------------------+-----------+-----------+------------+
| PHI2                | INPUT     | LVCMOS33  |            |
+---------------------+-----------+-----------+------------+
| C8M                 | INPUT     | LVCMOS33  |            |
+---------------------+-----------+-----------+------------+
| DQML                | OUTPUT    | LVCMOS33  |            |
+---------------------+-----------+-----------+------------+
| DQMH                | OUTPUT    | LVCMOS33  |            |
+---------------------+-----------+-----------+------------+
| RA[0]               | OUTPUT    | LVCMOS33  |            |
+---------------------+-----------+-----------+------------+
| RA[1]               | OUTPUT    | LVCMOS33  |            |
+---------------------+-----------+-----------+------------+
| RA[2]               | OUTPUT    | LVCMOS33  |            |
+---------------------+-----------+-----------+------------+
| RA[3]               | OUTPUT    | LVCMOS33  |            |
+---------------------+-----------+-----------+------------+
| RA[4]               | OUTPUT    | LVCMOS33  |            |
+---------------------+-----------+-----------+------------+
| RA[5]               | OUTPUT    | LVCMOS33  |            |
+---------------------+-----------+-----------+------------+
| RA[6]               | OUTPUT    | LVCMOS33  |            |
+---------------------+-----------+-----------+------------+
| RA[7]               | OUTPUT    | LVCMOS33  |            |
+---------------------+-----------+-----------+------------+
| RA[8]               | OUTPUT    | LVCMOS33  |            |
+---------------------+-----------+-----------+------------+
| RA[9]               | OUTPUT    | LVCMOS33  |            |
+---------------------+-----------+-----------+------------+
| RA[10]              | OUTPUT    | LVCMOS33  |            |
+---------------------+-----------+-----------+------------+

                                    Page 3




Design:  REU                                           Date:  04/23/22  02:21:25

IO (PIO) Attributes (cont)
--------------------------
| RA[11]              | OUTPUT    | LVCMOS33  |            |
+---------------------+-----------+-----------+------------+
| RA[12]              | OUTPUT    | LVCMOS33  |            |
+---------------------+-----------+-----------+------------+
| RBA[0]              | OUTPUT    | LVCMOS33  |            |
+---------------------+-----------+-----------+------------+
| RBA[1]              | OUTPUT    | LVCMOS33  |            |
+---------------------+-----------+-----------+------------+
| CKE                 | OUTPUT    | LVCMOS33  |            |
+---------------------+-----------+-----------+------------+
| nRWE                | OUTPUT    | LVCMOS33  |            |
+---------------------+-----------+-----------+------------+
| nCAS                | OUTPUT    | LVCMOS33  |            |
+---------------------+-----------+-----------+------------+
| nRAS                | OUTPUT    | LVCMOS33  |            |
+---------------------+-----------+-----------+------------+
| nCS                 | OUTPUT    | LVCMOS33  |            |
+---------------------+-----------+-----------+------------+
| RCLK                | OUTPUT    | LVCMOS33  |            |
+---------------------+-----------+-----------+------------+
| nIRQ                | OUTPUT    | LVCMOS33  |            |
+---------------------+-----------+-----------+------------+
| DDIR                | OUTPUT    | LVCMOS33  |            |
+---------------------+-----------+-----------+------------+
| nDOE                | OUTPUT    | LVCMOS33  |            |
+---------------------+-----------+-----------+------------+
| nRWOE               | OUTPUT    | LVCMOS33  |            |
+---------------------+-----------+-----------+------------+
| ADIR                | OUTPUT    | LVCMOS33  |            |
+---------------------+-----------+-----------+------------+
| nAOE                | OUTPUT    | LVCMOS33  |            |
+---------------------+-----------+-----------+------------+
| nDMA                | OUTPUT    | LVCMOS33  |            |
+---------------------+-----------+-----------+------------+
| nWEDMA              | OUTPUT    | LVCMOS33  |            |
+---------------------+-----------+-----------+------------+
| A[5]                | OUTPUT    | LVCMOS33  |            |
+---------------------+-----------+-----------+------------+
| A[6]                | OUTPUT    | LVCMOS33  |            |
+---------------------+-----------+-----------+------------+
| A[7]                | OUTPUT    | LVCMOS33  |            |
+---------------------+-----------+-----------+------------+
| A[8]                | OUTPUT    | LVCMOS33  |            |
+---------------------+-----------+-----------+------------+
| A[9]                | OUTPUT    | LVCMOS33  |            |
+---------------------+-----------+-----------+------------+
| A[10]               | OUTPUT    | LVCMOS33  |            |
+---------------------+-----------+-----------+------------+
| A[11]               | OUTPUT    | LVCMOS33  |            |
+---------------------+-----------+-----------+------------+
| A[12]               | OUTPUT    | LVCMOS33  |            |
+---------------------+-----------+-----------+------------+
| A[13]               | OUTPUT    | LVCMOS33  |            |
+---------------------+-----------+-----------+------------+
| A[14]               | OUTPUT    | LVCMOS33  |            |
+---------------------+-----------+-----------+------------+

                                    Page 4




Design:  REU                                           Date:  04/23/22  02:21:25

IO (PIO) Attributes (cont)
--------------------------
| A[15]               | OUTPUT    | LVCMOS33  |            |
+---------------------+-----------+-----------+------------+
| RD[0]               | BIDIR     | LVCMOS33  |            |
+---------------------+-----------+-----------+------------+
| D[7]                | BIDIR     | LVCMOS33  |            |
+---------------------+-----------+-----------+------------+
| RD[1]               | BIDIR     | LVCMOS33  |            |
+---------------------+-----------+-----------+------------+
| RD[2]               | BIDIR     | LVCMOS33  |            |
+---------------------+-----------+-----------+------------+
| RD[3]               | BIDIR     | LVCMOS33  |            |
+---------------------+-----------+-----------+------------+
| RD[4]               | BIDIR     | LVCMOS33  |            |
+---------------------+-----------+-----------+------------+
| RD[5]               | BIDIR     | LVCMOS33  |            |
+---------------------+-----------+-----------+------------+
| RD[6]               | BIDIR     | LVCMOS33  |            |
+---------------------+-----------+-----------+------------+
| RD[7]               | BIDIR     | LVCMOS33  |            |
+---------------------+-----------+-----------+------------+
| A[0]                | BIDIR     | LVCMOS33  |            |
+---------------------+-----------+-----------+------------+
| A[1]                | BIDIR     | LVCMOS33  |            |
+---------------------+-----------+-----------+------------+
| A[2]                | BIDIR     | LVCMOS33  |            |
+---------------------+-----------+-----------+------------+

Removed logic
-------------

Block GSR_INST undriven or does not drive anything - clipped.
Block BA_pad undriven or does not drive anything - clipped.
Signal PHI2_N_495 was merged into signal PHI2_c
Signal C8M_N_435 was merged into signal C8M_c
Signal n1141 was merged into signal ram/RDOE
Signal ram/n2434 was merged into signal ram/RDOE_N_490
Signal ram/n1557 was merged into signal PLLLock
Signal reureg/n3 was merged into signal A_out_2
Signal RD_out_7 undriven or does not drive anything - clipped.
Signal RD_out_6 undriven or does not drive anything - clipped.
Signal RD_out_5 undriven or does not drive anything - clipped.
Signal RD_out_4 undriven or does not drive anything - clipped.
Signal RD_out_3 undriven or does not drive anything - clipped.
Signal RD_out_2 undriven or does not drive anything - clipped.
Signal RD_out_1 undriven or does not drive anything - clipped.
Signal RD_out_0 undriven or does not drive anything - clipped.
Signal BA_c undriven or does not drive anything - clipped.
Signal BA undriven or does not drive anything - clipped.
Block i2189 was optimized away.
Block i2188 was optimized away.
Block ram/i849_1_lut was optimized away.
Block ram/i1249_1_lut_rep_34 was optimized away.
Block ram/i1253_1_lut was optimized away.
Block reureg/i618_1_lut was optimized away.

     

                                    Page 5




Design:  REU                                           Date:  04/23/22  02:21:25


Run Time and Memory Usage
-------------------------

   Total CPU Time: 0 secs  
   Total REAL Time: 0 secs  
   Peak Memory Usage: 36 MB
        



















































                                    Page 6


Copyright (c) 1991-1994 by NeoCAD Inc. All rights reserved.
     Copyright (c) 1995 AT&T Corp.   All rights reserved.
     Copyright (c) 1995-2001 Lucent Technologies Inc.  All rights reserved.
     Copyright (c) 2001 Agere Systems   All rights reserved.
     Copyright (c) 2002-2020 Lattice Semiconductor Corporation,  All rights
     reserved.
